	 its 	 r 	 ds 	 Newton iteration 	 flag 	 tol 	 residual 	 F(u;r) 	 iterations needed 
   1 	 0.4935541965 	 0.0100000000 	    0 	 -- 	 --- f	 --- 	 0.000006004691 	 --- 
   1 	0.4935534579 	 0.0100000000 	    1 	    0 	 0.00100000	 0.00094449 	 0.000006182428 	 30.0 
   1 	0.4935534946 	 0.0100000000 	    2 	    0 	 0.00100000	 0.00038016 	 0.000003814339 	 90.0 
   1 	0.4935535040 	 0.0100000000 	    3 	    0 	 0.00100000	 0.00078395 	 0.000002428052 	 151.0 
   1 	0.4935534733 	 0.0100000000 	    4 	    0 	 0.00100000	 0.00091911 	 0.000000246043 	 221.0 
   1 	0.4935534618 	 0.0100000000 	    5 	    0 	 0.00100000	 0.00091731 	 0.000000385763 	 284.0 
   1 	0.4935534545 	 0.0100000000 	    6 	    0 	 0.00100000	 0.00072498 	 0.000000034683 	 354.0 
   1 	0.4935534518 	 0.0100000000 	    7 	    0 	 0.00100000	 0.00059911 	 0.000000107886 	 418.0 
   1 	0.4935534504 	 0.0100000000 	    8 	    0 	 0.00100000	 0.00068928 	 0.000000011159 	 492.0 
   1 	0.4935534499 	 0.0100000000 	    9 	    0 	 0.00100000	 0.00093965 	 0.000000014963 	 557.0 
   1 	0.4935534489 	 0.0100000000 	   10 	    0 	 0.00100000	 0.00026155 	 0.000000031189 	 650.0 
   1 	0.4935534491 	 0.0100000000 	   11 	    0 	 0.00100000	 0.00004387 	 0.000000000096 	 656.0 
   2 	 0.4935534491 	 0.0100000000 	    0 	 -- 	 --- f	 --- 	 0.341752683988 	 --- 
   2 	0.4842632063 	 0.0100000000 	    1 	    0 	 0.00100000	 0.00000524 	 0.001438969885 	  3.0 
   2 	0.4843171597 	 0.0100000000 	    2 	    0 	 0.00100000	 0.00001969 	 0.000000213796 	  7.0 
   2 	0.4843171596 	 0.0100000000 	    3 	    0 	 0.00100000	 0.00049797 	 0.000000000102 	 17.0 
   3 	 0.4777766775 	 0.0100000000 	    0 	 -- 	 --- f	 --- 	 0.058955064362 	 --- 
   3 	0.4782019159 	 0.0100000000 	    1 	    0 	 0.00100000	 0.00000162 	 0.000300596663 	  4.0 
   3 	0.4782064314 	 0.0100000000 	    2 	    0 	 0.00100000	 0.00046638 	 0.000000140621 	  9.0 
   3 	0.4782064315 	 0.0100000000 	    3 	    0 	 0.00100000	 0.00065380 	 0.000000000429 	 19.0 
   4 	 0.4716523511 	 0.0100000000 	    0 	 -- 	 --- f	 --- 	 0.058772703441 	 --- 
   4 	0.4720807884 	 0.0100000000 	    1 	    0 	 0.00100000	 0.00000159 	 0.000300026126 	  4.0 
   4 	0.4720852668 	 0.0100000000 	    2 	    0 	 0.00100000	 0.00044543 	 0.000000133385 	  9.0 
   4 	0.4720852669 	 0.0100000000 	    3 	    0 	 0.00100000	 0.00040022 	 0.000000000372 	 20.0 
   5 	 0.4655204233 	 0.0100000000 	    0 	 -- 	 --- f	 --- 	 0.058751839070 	 --- 
   5 	0.4659493267 	 0.0100000000 	    1 	    0 	 0.00100000	 0.00001369 	 0.000299927190 	  4.0 
   5 	0.4659537806 	 0.0100000000 	    2 	    0 	 0.00100000	 0.00041940 	 0.000000126309 	 10.0 
   5 	0.4659537806 	 0.0100000000 	    3 	    0 	 0.00100000	 0.00084678 	 0.000000000619 	 20.0 
   6 	 0.4593782184 	 0.0100000000 	    0 	 -- 	 --- f	 --- 	 0.058730701240 	 --- 
   6 	0.4598075796 	 0.0100000000 	    1 	    0 	 0.00100000	 0.00000150 	 0.000299826296 	  4.0 
   6 	0.4598120090 	 0.0100000000 	    2 	    0 	 0.00100000	 0.00040156 	 0.000000121012 	  9.0 
   6 	0.4598120091 	 0.0100000000 	    3 	    0 	 0.00100000	 0.00025034 	 0.000000000105 	 19.0 
   7 	 0.4532257728 	 0.0100000000 	    0 	 -- 	 --- f	 --- 	 0.058709297200 	 --- 
   7 	0.4536555834 	 0.0100000000 	    1 	    0 	 0.00100000	 0.00000147 	 0.000299723468 	  4.0 
   7 	0.4536599885 	 0.0100000000 	    2 	    0 	 0.00100000	 0.00046212 	 0.000000121674 	  8.0 
   7 	0.4536599886 	 0.0100000000 	    3 	    0 	 0.00100000	 0.00025097 	 0.000000000347 	 20.0 
   8 	 0.4470631225 	 0.0100000000 	    0 	 -- 	 --- f	 --- 	 0.058687630080 	 --- 
   8 	0.4474933744 	 0.0100000000 	    1 	    0 	 0.00100000	 0.00000143 	 0.000299618732 	  4.0 
   8 	0.4474977553 	 0.0100000000 	    2 	    0 	 0.00100000	 0.00039458 	 0.000000118796 	  8.0 
   8 	0.4474977553 	 0.0100000000 	    3 	    0 	 0.00100000	 0.00073143 	 0.000000000505 	 18.0 
   9 	 0.4408903037 	 0.0100000000 	    0 	 -- 	 --- f	 --- 	 0.058665703055 	 --- 
   9 	0.4413209885 	 0.0100000000 	    1 	    0 	 0.00100000	 0.00000140 	 0.000299512111 	  4.0 
   9 	0.4413253454 	 0.0100000000 	    2 	    0 	 0.00100000	 0.00038512 	 0.000000116070 	  8.0 
   9 	0.4413253455 	 0.0100000000 	    3 	    0 	 0.00100000	 0.00043032 	 0.000000000150 	 20.0 
  10 	 0.4347073524 	 0.0100000000 	    0 	 -- 	 --- f	 --- 	 0.058643519258 	 --- 
  10 	0.4351384620 	 0.0100000000 	    1 	    0 	 0.00100000	 0.00000137 	 0.000299403629 	  4.0 
  10 	0.4351427950 	 0.0100000000 	    2 	    0 	 0.00100000	 0.00037608 	 0.000000113301 	  8.0 
  10 	0.4351427951 	 0.0100000000 	    3 	    0 	 0.00100000	 0.00062017 	 0.000000000266 	 19.0 
  11 	 0.4285143045 	 0.0100000000 	    0 	 -- 	 --- f	 --- 	 0.058621081769 	 --- 
  11 	0.4289458308 	 0.0100000000 	    1 	    0 	 0.00100000	 0.00000133 	 0.000299293308 	  4.0 
  11 	0.4289501400 	 0.0100000000 	    2 	    0 	 0.00100000	 0.00036728 	 0.000000110682 	  8.0 
  11 	0.4289501401 	 0.0100000000 	    3 	    0 	 0.00100000	 0.00094517 	 0.000000000395 	 19.0 
  12 	 0.4223111958 	 0.0100000000 	    0 	 -- 	 --- f	 --- 	 0.058598393685 	 --- 
  12 	0.4227431307 	 0.0100000000 	    1 	    0 	 0.00100000	 0.00000130 	 0.000299181170 	  4.0 
  12 	0.4227474163 	 0.0100000000 	    2 	    0 	 0.00100000	 0.00035873 	 0.000000108155 	  8.0 
  12 	0.4227474164 	 0.0100000000 	    3 	    0 	 0.00100000	 0.00041844 	 0.000000000353 	 20.0 
  13 	 0.4160980621 	 0.0100000000 	    0 	 -- 	 --- f	 --- 	 0.058575458050 	 --- 
  13 	0.4165303975 	 0.0100000000 	    1 	    0 	 0.00100000	 0.00000127 	 0.000299067238 	  4.0 
  13 	0.4165346597 	 0.0100000000 	    2 	    0 	 0.00100000	 0.00035051 	 0.000000105619 	  8.0 
  13 	0.4165346598 	 0.0100000000 	    3 	    0 	 0.00100000	 0.00090741 	 0.000000000422 	 18.0 
  14 	 0.4098749391 	 0.0100000000 	    0 	 -- 	 --- f	 --- 	 0.058552277921 	 --- 
  14 	0.4103076671 	 0.0100000000 	    1 	    0 	 0.00100000	 0.00000124 	 0.000298951534 	  4.0 
  14 	0.4103119059 	 0.0100000000 	    2 	    0 	 0.00100000	 0.00034425 	 0.000000103260 	  8.0 
  14 	0.4103119060 	 0.0100000000 	    3 	    0 	 0.00100000	 0.00044763 	 0.000000000231 	 18.0 
  15 	 0.4036418622 	 0.0100000000 	    0 	 -- 	 --- f	 --- 	 0.058528856287 	 --- 
  15 	0.4040749749 	 0.0100000000 	    1 	    0 	 0.00100000	 0.00000121 	 0.000298834080 	  4.0 
  15 	0.4040791905 	 0.0100000000 	    2 	    0 	 0.00100000	 0.00033449 	 0.000000100844 	  8.0 
  15 	0.4040791906 	 0.0100000000 	    3 	    0 	 0.00100000	 0.00067806 	 0.000000000309 	 18.0 
  16 	 0.3973988670 	 0.0100000000 	    0 	 -- 	 --- f	 --- 	 0.058505196158 	 --- 
  16 	0.3978323565 	 0.0100000000 	    1 	    0 	 0.00100000	 0.00000119 	 0.000298714898 	  4.0 
  16 	0.3978365492 	 0.0100000000 	    2 	    0 	 0.00100000	 0.00068538 	 0.000000099106 	  8.0 
  16 	0.3978365491 	 0.0100000000 	    3 	    0 	 0.00100000	 0.00056869 	 0.000000000605 	 19.0 
  17 	 0.3911459889 	 0.0100000000 	    0 	 -- 	 --- f	 --- 	 0.058481300491 	 --- 
  17 	0.3915798473 	 0.0100000000 	    1 	    0 	 0.00100000	 0.00000116 	 0.000298594009 	  4.0 
  17 	0.3915840170 	 0.0100000000 	    2 	    0 	 0.00100000	 0.00039242 	 0.000000096455 	  8.0 
  17 	0.3915840170 	 0.0100000000 	    3 	    0 	 0.00100000	 0.00024497 	 0.000000000116 	 21.0 
  18 	 0.3848832632 	 0.0100000000 	    0 	 -- 	 --- f	 --- 	 0.058457172232 	 --- 
  18 	0.3853174828 	 0.0100000000 	    1 	    0 	 0.00100000	 0.00000113 	 0.000298471435 	  4.0 
  18 	0.3853216297 	 0.0100000000 	    2 	    0 	 0.00100000	 0.00031206 	 0.000000094138 	  8.0 
  18 	0.3853216297 	 0.0100000000 	    3 	    0 	 0.00100000	 0.00073546 	 0.000000000238 	 18.0 
  19 	 0.3786107250 	 0.0100000000 	    0 	 -- 	 --- f	 --- 	 0.058432814308 	 --- 
  19 	0.3790452980 	 0.0100000000 	    1 	    0 	 0.00100000	 0.00000110 	 0.000298347197 	  4.0 
  19 	0.3790494223 	 0.0100000000 	    2 	    0 	 0.00100000	 0.00031498 	 0.000000095124 	  9.0 
  19 	0.3790494223 	 0.0100000000 	    3 	    0 	 0.00100000	 0.00097139 	 0.000000000453 	 21.0 
  20 	 0.3723284095 	 0.0100000000 	    0 	 -- 	 --- f	 --- 	 0.058408229617 	 --- 
  20 	0.3727633281 	 0.0100000000 	    1 	    0 	 0.00100000	 0.00007740 	 0.000298221339 	  4.0 
  20 	0.3727674301 	 0.0100000000 	    2 	    0 	 0.00100000	 0.00030149 	 0.000000091149 	 10.0 
  20 	0.3727674301 	 0.0100000000 	    3 	    0 	 0.00100000	 0.00091105 	 0.000000000428 	 23.0 
  21 	 0.3660363517 	 0.0100000000 	    0 	 -- 	 --- f	 --- 	 0.058383421034 	 --- 
  21 	0.3664716087 	 0.0100000000 	    1 	    0 	 0.00100000	 0.00000105 	 0.000298093814 	  4.0 
  21 	0.3664756881 	 0.0100000000 	    2 	    0 	 0.00100000	 0.00028505 	 0.000000086202 	  9.0 
  21 	0.3664756881 	 0.0100000000 	    3 	    0 	 0.00100000	 0.00066434 	 0.000000000120 	 22.0 
  22 	 0.3597345865 	 0.0100000000 	    0 	 -- 	 --- f	 --- 	 0.058358391419 	 --- 
  22 	0.3601701741 	 0.0100000000 	    1 	    0 	 0.00100000	 0.00000103 	 0.000297964711 	  4.0 
  22 	0.3601742312 	 0.0100000000 	    2 	    0 	 0.00100000	 0.00028478 	 0.000000086014 	  8.0 
  22 	0.3601742313 	 0.0100000000 	    3 	    0 	 0.00100000	 0.00091451 	 0.000000000306 	 19.0 
  23 	 0.3534231487 	 0.0100000000 	    0 	 -- 	 --- f	 --- 	 0.058333143604 	 --- 
  23 	0.3538590594 	 0.0100000000 	    1 	    0 	 0.00100000	 0.00000100 	 0.000297834028 	  4.0 
  23 	0.3538630945 	 0.0100000000 	    2 	    0 	 0.00100000	 0.00027800 	 0.000000084151 	  8.0 
  23 	0.3538630945 	 0.0100000000 	    3 	    0 	 0.00100000	 0.00052733 	 0.000000000194 	 23.0 
  24 	 0.3471020732 	 0.0100000000 	    0 	 -- 	 --- f	 --- 	 0.058307680398 	 --- 
  24 	0.3475382995 	 0.0100000000 	    1 	    0 	 0.00100000	 0.00000098 	 0.000297701786 	  4.0 
  24 	0.3475423126 	 0.0100000000 	    2 	    0 	 0.00100000	 0.00027169 	 0.000000082242 	  8.0 
  24 	0.3475423126 	 0.0100000000 	    3 	    0 	 0.00100000	 0.00093260 	 0.000000000172 	 17.0 
  25 	 0.3407713944 	 0.0100000000 	    0 	 -- 	 --- f	 --- 	 0.058282004593 	 --- 
  25 	0.3412079289 	 0.0100000000 	    1 	    0 	 0.00100000	 0.00000095 	 0.000297568004 	  4.0 
  25 	0.3412119202 	 0.0100000000 	    2 	    0 	 0.00100000	 0.00028237 	 0.000000080467 	  8.0 
  25 	0.3412119202 	 0.0100000000 	    3 	    0 	 0.00100000	 0.00051010 	 0.000000000108 	 21.0 
  26 	 0.3344311470 	 0.0100000000 	    0 	 -- 	 --- f	 --- 	 0.058256118946 	 --- 
  26 	0.3348679824 	 0.0100000000 	    1 	    0 	 0.00100000	 0.00000093 	 0.000297432703 	  4.0 
  26 	0.3348719519 	 0.0100000000 	    2 	    0 	 0.00100000	 0.00026321 	 0.000000078665 	  8.0 
  26 	0.3348719519 	 0.0100000000 	    3 	    0 	 0.00100000	 0.00082095 	 0.000000000131 	 18.0 
  27 	 0.3280813654 	 0.0100000000 	    0 	 -- 	 --- f	 --- 	 0.058230026214 	 --- 
  27 	0.3285184943 	 0.0100000000 	    1 	    0 	 0.00100000	 0.00000091 	 0.000297295903 	  4.0 
  27 	0.3285224423 	 0.0100000000 	    2 	    0 	 0.00100000	 0.00026953 	 0.000000076956 	  8.0 
  27 	0.3285224423 	 0.0100000000 	    3 	    0 	 0.00100000	 0.00077980 	 0.000000000124 	 20.0 
  28 	 0.3217220840 	 0.0100000000 	    0 	 -- 	 --- f	 --- 	 0.058203729108 	 --- 
  28 	0.3221594992 	 0.0100000000 	    1 	    0 	 0.00100000	 0.00000088 	 0.000297157624 	  4.0 
  28 	0.3221634257 	 0.0100000000 	    2 	    0 	 0.00100000	 0.00025451 	 0.000000077277 	  9.0 
  28 	0.3221634257 	 0.0100000000 	    3 	    0 	 0.00100000	 0.00070229 	 0.000000000200 	 22.0 
  29 	 0.3153533370 	 0.0100000000 	    0 	 -- 	 --- f	 --- 	 0.058177230334 	 --- 
  29 	0.3157910312 	 0.0100000000 	    1 	    0 	 0.00100000	 0.00003150 	 0.000297017897 	  4.0 
  29 	0.3157949365 	 0.0100000000 	    2 	    0 	 0.00100000	 0.00024084 	 0.000000073215 	 10.0 
  29 	0.3157949365 	 0.0100000000 	    3 	    0 	 0.00100000	 0.00071195 	 0.000000000203 	 23.0 
  30 	 0.3089751585 	 0.0100000000 	    0 	 -- 	 --- f	 --- 	 0.058150532565 	 --- 
  30 	0.3094131247 	 0.0100000000 	    1 	    0 	 0.00100000	 0.00000084 	 0.000296876707 	  4.0 
  30 	0.3094170088 	 0.0100000000 	    2 	    0 	 0.00100000	 0.00050772 	 0.000000072065 	  8.0 
  30 	0.3094170087 	 0.0100000000 	    3 	    0 	 0.00100000	 0.00063095 	 0.000000000411 	 17.0 
  31 	 0.3025875827 	 0.0100000000 	    0 	 -- 	 --- f	 --- 	 0.058123638460 	 --- 
  31 	0.3030258137 	 0.0100000000 	    1 	    0 	 0.00100000	 0.00000082 	 0.000296734107 	  4.0 
  31 	0.3030296767 	 0.0100000000 	    2 	    0 	 0.00100000	 0.00023133 	 0.000000070520 	  8.0 
  31 	0.3030296767 	 0.0100000000 	    3 	    0 	 0.00100000	 0.00002609 	 0.000000000101 	 23.0 
  32 	 0.2961906434 	 0.0100000000 	    0 	 -- 	 --- f	 --- 	 0.058096550650 	 --- 
  32 	0.2966291322 	 0.0100000000 	    1 	    0 	 0.00100000	 0.00000080 	 0.000296590107 	  4.0 
  32 	0.2966329742 	 0.0100000000 	    2 	    0 	 0.00100000	 0.00022605 	 0.000000068923 	  8.0 
  32 	0.2966329742 	 0.0100000000 	    3 	    0 	 0.00100000	 0.00099172 	 0.000000000268 	 16.0 
  33 	 0.2897843745 	 0.0100000000 	    0 	 -- 	 --- f	 --- 	 0.058069271747 	 --- 
  33 	0.2902231141 	 0.0100000000 	    1 	    0 	 0.00100000	 0.00000078 	 0.000296444723 	  4.0 
  33 	0.2902269353 	 0.0100000000 	    2 	    0 	 0.00100000	 0.00023446 	 0.000000071603 	  9.0 
  33 	0.2902269353 	 0.0100000000 	    3 	    0 	 0.00100000	 0.00028507 	 0.000000000121 	 19.0 
  34 	 0.2833688098 	 0.0100000000 	    0 	 -- 	 --- f	 --- 	 0.058041804345 	 --- 
  34 	0.2838077932 	 0.0100000000 	    1 	    0 	 0.00100000	 0.00000077 	 0.000296297977 	  4.0 
  34 	0.2838115938 	 0.0100000000 	    2 	    0 	 0.00100000	 0.00022202 	 0.000000067858 	  9.0 
  34 	0.2838115938 	 0.0100000000 	    3 	    0 	 0.00100000	 0.00093068 	 0.000000000159 	 18.0 
  35 	 0.2769439830 	 0.0100000000 	    0 	 -- 	 --- f	 --- 	 0.058014151006 	 --- 
  35 	0.2773832033 	 0.0100000000 	    1 	    0 	 0.00100000	 0.00000660 	 0.000296149886 	  4.0 
  35 	0.2773869833 	 0.0100000000 	    2 	    0 	 0.00100000	 0.00020937 	 0.000000064154 	 10.0 
  35 	0.2773869833 	 0.0100000000 	    3 	    0 	 0.00100000	 0.00065836 	 0.000000000206 	 21.0 
  36 	 0.2705099275 	 0.0100000000 	    0 	 -- 	 --- f	 --- 	 0.057986314275 	 --- 
  36 	0.2709493780 	 0.0100000000 	    1 	    0 	 0.00100000	 0.00000071 	 0.000296000467 	  4.0 
  36 	0.2709531375 	 0.0100000000 	    2 	    0 	 0.00100000	 0.00021715 	 0.000000063204 	  8.0 
  36 	0.2709531375 	 0.0100000000 	    3 	    0 	 0.00100000	 0.00089347 	 0.000000000371 	 17.0 
  37 	 0.2640666769 	 0.0100000000 	    0 	 -- 	 --- f	 --- 	 0.057958296687 	 --- 
  37 	0.2645063506 	 0.0100000000 	    1 	    0 	 0.00100000	 0.00000069 	 0.000295849741 	  4.0 
  37 	0.2645100899 	 0.0100000000 	    2 	    0 	 0.00100000	 0.00020121 	 0.000000061874 	  8.0 
  37 	0.2645100899 	 0.0100000000 	    3 	    0 	 0.00100000	 0.00006610 	 0.000000000100 	 21.0 
  38 	 0.2576142645 	 0.0100000000 	    0 	 -- 	 --- f	 --- 	 0.057930100736 	 --- 
  38 	0.2580541548 	 0.0100000000 	    1 	    0 	 0.00100000	 0.00000067 	 0.000295697726 	  4.0 
  38 	0.2580578739 	 0.0100000000 	    2 	    0 	 0.00100000	 0.00019652 	 0.000000060495 	  8.0 
  38 	0.2580578739 	 0.0100000000 	    3 	    0 	 0.00100000	 0.00094238 	 0.000000000233 	 14.0 
  39 	 0.2511527235 	 0.0100000000 	    0 	 -- 	 --- f	 --- 	 0.057901728907 	 --- 
  39 	0.2515928237 	 0.0100000000 	    1 	    0 	 0.00100000	 0.00000065 	 0.000295544439 	  4.0 
  39 	0.2515965227 	 0.0100000000 	    2 	    0 	 0.00100000	 0.00019192 	 0.000000059250 	  8.0 
  39 	0.2515965227 	 0.0100000000 	    3 	    0 	 0.00100000	 0.00075742 	 0.000000000218 	 16.0 
  40 	 0.2446820871 	 0.0100000000 	    0 	 -- 	 --- f	 --- 	 0.057873183663 	 --- 
  40 	0.2451223905 	 0.0100000000 	    1 	    0 	 0.00100000	 0.00000063 	 0.000295389898 	  4.0 
  40 	0.2451260696 	 0.0100000000 	    2 	    0 	 0.00100000	 0.00018741 	 0.000000057972 	  8.0 
  40 	0.2451260696 	 0.0100000000 	    3 	    0 	 0.00100000	 0.00084698 	 0.000000000139 	 17.0 
  41 	 0.2382023883 	 0.0100000000 	    0 	 -- 	 --- f	 --- 	 0.057844467437 	 --- 
  41 	0.2386428884 	 0.0100000000 	    1 	    0 	 0.00100000	 0.00000061 	 0.000295234121 	  4.0 
  41 	0.2386465477 	 0.0100000000 	    2 	    0 	 0.00100000	 0.00018297 	 0.000000056744 	  8.0 
  41 	0.2386465477 	 0.0100000000 	    3 	    0 	 0.00100000	 0.00045476 	 0.000000000111 	 19.0 
  42 	 0.2317136601 	 0.0100000000 	    0 	 -- 	 --- f	 --- 	 0.057815582651 	 --- 
  42 	0.2321543503 	 0.0100000000 	    1 	    0 	 0.00100000	 0.00000060 	 0.000295077126 	  4.0 
  42 	0.2321579899 	 0.0100000000 	    2 	    0 	 0.00100000	 0.00017860 	 0.000000055501 	  8.0 
  42 	0.2321579899 	 0.0100000000 	    3 	    0 	 0.00100000	 0.00075430 	 0.000000000108 	 16.0 
  43 	 0.2252159353 	 0.0100000000 	    0 	 -- 	 --- f	 --- 	 0.057786531704 	 --- 
  43 	0.2256568092 	 0.0100000000 	    1 	    0 	 0.00100000	 0.00000058 	 0.000294918930 	  4.0 
  43 	0.2256604292 	 0.0100000000 	    2 	    0 	 0.00100000	 0.00017431 	 0.000000054331 	  8.0 
  43 	0.2256604292 	 0.0100000000 	    3 	    0 	 0.00100000	 0.00088936 	 0.000000000200 	 18.0 
  44 	 0.2187092467 	 0.0100000000 	    0 	 -- 	 --- f	 --- 	 0.057757316966 	 --- 
  44 	0.2191502977 	 0.0100000000 	    1 	    0 	 0.00100000	 0.00000056 	 0.000294759550 	  4.0 
  44 	0.2191538983 	 0.0100000000 	    2 	    0 	 0.00100000	 0.00017009 	 0.000000053184 	  8.0 
  44 	0.2191538983 	 0.0100000000 	    3 	    0 	 0.00100000	 0.00042020 	 0.000000000202 	 19.0 
  45 	 0.2121936268 	 0.0100000000 	    0 	 -- 	 --- f	 --- 	 0.057727940798 	 --- 
  45 	0.2126348487 	 0.0100000000 	    1 	    0 	 0.00100000	 0.00000054 	 0.000294599004 	  4.0 
  45 	0.2126384300 	 0.0100000000 	    2 	    0 	 0.00100000	 0.00016592 	 0.000000052040 	  8.0 
  45 	0.2126384300 	 0.0100000000 	    3 	    0 	 0.00100000	 0.00071179 	 0.000000000100 	 16.0 
  46 	 0.2056691083 	 0.0100000000 	    0 	 -- 	 --- f	 --- 	 0.057698405530 	 --- 
  46 	0.2061104946 	 0.0100000000 	    1 	    0 	 0.00100000	 0.00000052 	 0.000294437308 	  4.0 
  46 	0.2061140567 	 0.0100000000 	    2 	    0 	 0.00100000	 0.00016182 	 0.000000050949 	  8.0 
  46 	0.2061140567 	 0.0100000000 	    3 	    0 	 0.00100000	 0.00094926 	 0.000000000204 	 18.0 
  47 	 0.1991357235 	 0.0100000000 	    0 	 -- 	 --- f	 --- 	 0.057668713476 	 --- 
  47 	0.1995772680 	 0.0100000000 	    1 	    0 	 0.00100000	 0.00000050 	 0.000294274480 	  4.0 
  47 	0.1995808111 	 0.0100000000 	    2 	    0 	 0.00100000	 0.00090370 	 0.000000050266 	  8.0 
  47 	0.1995808110 	 0.0100000000 	    3 	    0 	 0.00100000	 0.00061398 	 0.000000001010 	 16.0 
  47 	0.1995808107 	 0.0100000000 	    4 	    0 	 0.00100000	 0.00059010 	 0.000000128498 	 79.0 
  47 	0.1995808108 	 0.0100000000 	    5 	    0 	 0.00100000	 0.00001006 	 0.000000000204 	 85.0 
  48 	 0.1925935148 	 0.0100000000 	    0 	 -- 	 --- f	 --- 	 0.057638767238 	 --- 
  48 	0.1930352108 	 0.0100000000 	    1 	    0 	 0.00100000	 0.00000487 	 0.000294109609 	  4.0 
  48 	0.1930387348 	 0.0100000000 	    2 	    0 	 0.00100000	 0.00042727 	 0.000000032993 	  9.0 
  48 	0.1930387348 	 0.0100000000 	    3 	    0 	 0.00100000	 0.00099437 	 0.000000000762 	 17.0 
  49 	 0.1860424937 	 0.0100000000 	    0 	 -- 	 --- f	 --- 	 0.057608866989 	 --- 
  49 	0.1864843361 	 0.0100000000 	    1 	    0 	 0.00100000	 0.00000030 	 0.000293945485 	  4.0 
  49 	0.1864878413 	 0.0100000000 	    2 	    0 	 0.00100000	 0.00012028 	 0.000000031555 	  8.0 
  49 	0.1864878413 	 0.0100000000 	    3 	    0 	 0.00100000	 0.00097857 	 0.000000000143 	 18.0 
  50 	 0.1794827036 	 0.0100000000 	    0 	 -- 	 --- f	 --- 	 0.057578719347 	 --- 
  50 	0.1799246857 	 0.0100000000 	    1 	    0 	 0.00100000	 0.00000029 	 0.000293779362 	  4.0 
  50 	0.1799281721 	 0.0100000000 	    2 	    0 	 0.00100000	 0.00011128 	 0.000000030476 	  8.0 
  50 	0.1799281721 	 0.0100000000 	    3 	    0 	 0.00100000	 0.00044753 	 0.000000000123 	 18.0 
  51 	 0.1729141759 	 0.0100000000 	    0 	 -- 	 --- f	 --- 	 0.057548422896 	 --- 
  51 	0.1733562916 	 0.0100000000 	    1 	    0 	 0.00100000	 0.00000028 	 0.000293612168 	  4.0 
  51 	0.1733597594 	 0.0100000000 	    2 	    0 	 0.00100000	 0.00038888 	 0.000000029841 	  8.0 
  51 	0.1733597594 	 0.0100000000 	    3 	    0 	 0.00100000	 0.00037902 	 0.000000000234 	 17.0 
  52 	 0.1663369424 	 0.0100000000 	    0 	 -- 	 --- f	 --- 	 0.057517980898 	 --- 
  52 	0.1667791857 	 0.0100000000 	    1 	    0 	 0.00100000	 0.00000028 	 0.000293443922 	  4.0 
  52 	0.1667826350 	 0.0100000000 	    2 	    0 	 0.00100000	 0.00010141 	 0.000000029001 	  9.0 
  52 	0.1667826350 	 0.0100000000 	    3 	    0 	 0.00100000	 0.00093925 	 0.000000000121 	 19.0 
  53 	 0.1597510351 	 0.0100000000 	    0 	 -- 	 --- f	 --- 	 0.057487395564 	 --- 
  53 	0.1601933999 	 0.0100000000 	    1 	    0 	 0.00100000	 0.00000025 	 0.000293274642 	  4.0 
  53 	0.1601968308 	 0.0100000000 	    2 	    0 	 0.00100000	 0.00008747 	 0.000000028597 	  8.0 
  53 	0.1601968308 	 0.0100000000 	    3 	    0 	 0.00100000	 0.00024506 	 0.000000000093 	 20.0 
  54 	 0.1531564854 	 0.0100000000 	    0 	 -- 	 --- f	 --- 	 0.057456669065 	 --- 
  54 	0.1535989659 	 0.0100000000 	    1 	    0 	 0.00100000	 0.00000024 	 0.000293104342 	  4.0 
  54 	0.1536023785 	 0.0100000000 	    2 	    0 	 0.00100000	 0.00008499 	 0.000000027968 	  8.0 
  54 	0.1536023785 	 0.0100000000 	    3 	    0 	 0.00100000	 0.00058893 	 0.000000000194 	 15.0 
  55 	 0.1465533251 	 0.0100000000 	    0 	 -- 	 --- f	 --- 	 0.057425803553 	 --- 
  55 	0.1469959154 	 0.0100000000 	    1 	    0 	 0.00100000	 0.00000023 	 0.000292933038 	  4.0 
  55 	0.1469993099 	 0.0100000000 	    2 	    0 	 0.00100000	 0.00008251 	 0.000000027401 	  8.0 
  55 	0.1469993099 	 0.0100000000 	    3 	    0 	 0.00100000	 0.00063594 	 0.000000000200 	 16.0 
  56 	 0.1399415857 	 0.0100000000 	    0 	 -- 	 --- f	 --- 	 0.057394801158 	 --- 
  56 	0.1403842799 	 0.0100000000 	    1 	    0 	 0.00100000	 0.00000022 	 0.000292760746 	  4.0 
  56 	0.1403876563 	 0.0100000000 	    2 	    0 	 0.00100000	 0.00008004 	 0.000000026838 	  8.0 
  56 	0.1403876563 	 0.0100000000 	    3 	    0 	 0.00100000	 0.00058045 	 0.000000000353 	 17.0 
  57 	 0.1333212984 	 0.0100000000 	    0 	 -- 	 --- f	 --- 	 0.057363663992 	 --- 
  57 	0.1337640908 	 0.0100000000 	    1 	    0 	 0.00100000	 0.00000021 	 0.000292587482 	  4.0 
  57 	0.1337674493 	 0.0100000000 	    2 	    0 	 0.00100000	 0.00007755 	 0.000000026273 	  8.0 
  57 	0.1337674493 	 0.0100000000 	    3 	    0 	 0.00100000	 0.00091891 	 0.000000000357 	 15.0 
  58 	 0.1266924945 	 0.0100000000 	    0 	 -- 	 --- f	 --- 	 0.057332394146 	 --- 
  58 	0.1271353794 	 0.0100000000 	    1 	    0 	 0.00100000	 0.00000019 	 0.000292413259 	  4.0 
  58 	0.1271387200 	 0.0100000000 	    2 	    0 	 0.00100000	 0.00007506 	 0.000000025750 	  8.0 
  58 	0.1271387201 	 0.0100000000 	    3 	    0 	 0.00100000	 0.00088025 	 0.000000000112 	 18.0 
  59 	 0.1200552053 	 0.0100000000 	    0 	 -- 	 --- f	 --- 	 0.057300993694 	 --- 
  59 	0.1204981770 	 0.0100000000 	    1 	    0 	 0.00100000	 0.00000018 	 0.000292238093 	  4.0 
  59 	0.1205014999 	 0.0100000000 	    2 	    0 	 0.00100000	 0.00011915 	 0.000000025193 	  8.0 
  59 	0.1205014999 	 0.0100000000 	    3 	    0 	 0.00100000	 0.00092184 	 0.000000000351 	 16.0 
  60 	 0.1134094617 	 0.0100000000 	    0 	 -- 	 --- f	 --- 	 0.057269464688 	 --- 
  60 	0.1138525146 	 0.0100000000 	    1 	    0 	 0.00100000	 0.00000017 	 0.000292062000 	  4.0 
  60 	0.1138558198 	 0.0100000000 	    2 	    0 	 0.00100000	 0.00006883 	 0.000000024312 	  9.0 
  60 	0.1138558198 	 0.0100000000 	    3 	    0 	 0.00100000	 0.00083468 	 0.000000000098 	 19.0 
  61 	 0.1067552948 	 0.0100000000 	    0 	 -- 	 --- f	 --- 	 0.057237809160 	 --- 
  61 	0.1071984231 	 0.0100000000 	    1 	    0 	 0.00100000	 0.00000016 	 0.000291884993 	  4.0 
  61 	0.1072017109 	 0.0100000000 	    2 	    0 	 0.00100000	 0.00006733 	 0.000000024154 	  8.0 
  61 	0.1072017109 	 0.0100000000 	    3 	    0 	 0.00100000	 0.00057430 	 0.000000000201 	 17.0 
  62 	 0.1000927353 	 0.0100000000 	    0 	 -- 	 --- f	 --- 	 0.057206029127 	 --- 
  62 	0.1005359336 	 0.0100000000 	    1 	    0 	 0.00100000	 0.00000015 	 0.000291707088 	  4.0 
  62 	0.1005392040 	 0.0100000000 	    2 	    0 	 0.00100000	 0.00006464 	 0.000000023651 	  8.0 
  62 	0.1005392040 	 0.0100000000 	    3 	    0 	 0.00100000	 0.00039822 	 0.000000000203 	 17.0 
  63 	 0.0934218139 	 0.0100000000 	    0 	 -- 	 --- f	 --- 	 0.057174126583 	 --- 
  63 	0.0938650768 	 0.0100000000 	    1 	    0 	 0.00100000	 0.00000013 	 0.000291528298 	  4.0 
  63 	0.0938683299 	 0.0100000000 	    2 	    0 	 0.00100000	 0.00006186 	 0.000000023159 	  8.0 
  63 	0.0938683299 	 0.0100000000 	    3 	    0 	 0.00100000	 0.00054319 	 0.000000000197 	 14.0 
  64 	 0.0867425614 	 0.0100000000 	    0 	 -- 	 --- f	 --- 	 0.057142103504 	 --- 
  64 	0.0871858834 	 0.0100000000 	    1 	    0 	 0.00100000	 0.00000012 	 0.000291348639 	  4.0 
  64 	0.0871891193 	 0.0100000000 	    2 	    0 	 0.00100000	 0.00005897 	 0.000000022689 	  8.0 
  64 	0.0871891193 	 0.0100000000 	    3 	    0 	 0.00100000	 0.00072507 	 0.000000000197 	 15.0 
  65 	 0.0800550081 	 0.0100000000 	    0 	 -- 	 --- f	 --- 	 0.057109961849 	 --- 
  65 	0.0804983838 	 0.0100000000 	    1 	    0 	 0.00100000	 0.00000011 	 0.000291168124 	  4.0 
  65 	0.0805016027 	 0.0100000000 	    2 	    0 	 0.00100000	 0.00005595 	 0.000000022232 	  8.0 
  65 	0.0805016027 	 0.0100000000 	    3 	    0 	 0.00100000	 0.00065521 	 0.000000000129 	 14.0 
  66 	 0.0733591846 	 0.0100000000 	    0 	 -- 	 --- f	 --- 	 0.057077703555 	 --- 
  66 	0.0738026087 	 0.0100000000 	    1 	    0 	 0.00100000	 0.00000010 	 0.000290986767 	  4.0 
  66 	0.0738058106 	 0.0100000000 	    2 	    0 	 0.00100000	 0.00012676 	 0.000000021781 	  8.0 
  66 	0.0738058106 	 0.0100000000 	    3 	    0 	 0.00100000	 0.00068086 	 0.000000000187 	 16.0 
  67 	 0.0666551212 	 0.0100000000 	    0 	 -- 	 --- f	 --- 	 0.057045330544 	 --- 
  67 	0.0670985883 	 0.0100000000 	    1 	    0 	 0.00100000	 0.00000009 	 0.000290804582 	  4.0 
  67 	0.0671017733 	 0.0100000000 	    2 	    0 	 0.00100000	 0.00004935 	 0.000000021453 	  8.0 
  67 	0.0671017733 	 0.0100000000 	    3 	    0 	 0.00100000	 0.00017166 	 0.000000000347 	 17.0 
  68 	 0.0599428479 	 0.0100000000 	    0 	 -- 	 --- f	 --- 	 0.057012844716 	 --- 
  68 	0.0603863529 	 0.0100000000 	    1 	    0 	 0.00100000	 0.00000008 	 0.000290621583 	  4.0 
  68 	0.0603895211 	 0.0100000000 	    2 	    0 	 0.00100000	 0.00004570 	 0.000000020885 	  8.0 
  68 	0.0603895211 	 0.0100000000 	    3 	    0 	 0.00100000	 0.00026692 	 0.000000000340 	 16.0 
  69 	 0.0532223950 	 0.0100000000 	    0 	 -- 	 --- f	 --- 	 0.056980247956 	 --- 
  69 	0.0536659325 	 0.0100000000 	    1 	    0 	 0.00100000	 0.00000007 	 0.000290437784 	  4.0 
  69 	0.0536690841 	 0.0100000000 	    2 	    0 	 0.00100000	 0.00004543 	 0.000000020475 	  8.0 
  69 	0.0536690841 	 0.0100000000 	    3 	    0 	 0.00100000	 0.00046270 	 0.000000000204 	 16.0 
  70 	 0.0464937924 	 0.0100000000 	    0 	 -- 	 --- f	 --- 	 0.056947542128 	 --- 
  70 	0.0469373574 	 0.0100000000 	    1 	    0 	 0.00100000	 0.00000006 	 0.000290253198 	  4.0 
  70 	0.0469404924 	 0.0100000000 	    2 	    0 	 0.00100000	 0.00003750 	 0.000000020075 	  8.0 
  70 	0.0469404924 	 0.0100000000 	    3 	    0 	 0.00100000	 0.00031035 	 0.000000000142 	 16.0 
  71 	 0.0397570700 	 0.0100000000 	    0 	 -- 	 --- f	 --- 	 0.056914729080 	 --- 
  71 	0.0402006573 	 0.0100000000 	    1 	    0 	 0.00100000	 0.00000005 	 0.000290067837 	  4.0 
  71 	0.0402037759 	 0.0100000000 	    2 	    0 	 0.00100000	 0.00003289 	 0.000000019662 	  8.0 
  71 	0.0402037759 	 0.0100000000 	    3 	    0 	 0.00100000	 0.00046432 	 0.000000000105 	 14.0 
  72 	 0.0330122575 	 0.0100000000 	    0 	 -- 	 --- f	 --- 	 0.056881810639 	 --- 
  72 	0.0334558621 	 0.0100000000 	    1 	    0 	 0.00100000	 0.00000004 	 0.000289881717 	  4.0 
  72 	0.0334589643 	 0.0100000000 	    2 	    0 	 0.00100000	 0.00002789 	 0.000000019274 	  8.0 
  72 	0.0334589643 	 0.0100000000 	    3 	    0 	 0.00100000	 0.00060791 	 0.000000000102 	 15.0 
  73 	 0.0262593846 	 0.0100000000 	    0 	 -- 	 --- f	 --- 	 0.056848788618 	 --- 
  73 	0.0267030015 	 0.0100000000 	    1 	    0 	 0.00100000	 0.00000003 	 0.000289694849 	  4.0 
  73 	0.0267060875 	 0.0100000000 	    2 	    0 	 0.00100000	 0.00002255 	 0.000000018895 	  8.0 
  73 	0.0267060875 	 0.0100000000 	    3 	    0 	 0.00100000	 0.00079193 	 0.000000000103 	 14.0 
  74 	 0.0194984809 	 0.0100000000 	    0 	 -- 	 --- f	 --- 	 0.056815664810 	 --- 
  74 	0.0199421051 	 0.0100000000 	    1 	    0 	 0.00100000	 0.00000002 	 0.000289507246 	  4.0 
  74 	0.0199451749 	 0.0100000000 	    2 	    0 	 0.00100000	 0.00001692 	 0.000000018528 	  8.0 
  74 	0.0199451749 	 0.0100000000 	    3 	    0 	 0.00100000	 0.00066239 	 0.000000000108 	 15.0 
  75 	 0.0127295758 	 0.0100000000 	    0 	 -- 	 --- f	 --- 	 0.056782440990 	 --- 
  75 	0.0131732024 	 0.0100000000 	    1 	    0 	 0.00100000	 0.00000001 	 0.000289318922 	  4.0 
  75 	0.0131762562 	 0.0100000000 	    2 	    0 	 0.00100000	 0.00001111 	 0.000000018151 	  8.0 
  75 	0.0131762561 	 0.0100000000 	    3 	    0 	 0.00100000	 0.00094103 	 0.000000001045 	 22.0 
  75 	0.0131762560 	 0.0100000000 	    4 	    0 	 0.00100000	 0.00011215 	 0.000000212916 	 46.0 
  75 	0.0131762561 	 0.0100000000 	    5 	    0 	 0.00100000	 0.00005931 	 0.000000000114 	 51.0 
  76 	 0.0059527138 	 0.0100000000 	    0 	 -- 	 --- f	 --- 	 0.056748991730 	 --- 
  76 	0.0063963369 	 0.0100000000 	    1 	    0 	 0.00100000	 0.00000000 	 0.000289128638 	  4.0 
  76 	0.0063993748 	 0.0100000000 	    2 	    0 	 0.00100000	 0.00000302 	 0.000000010141 	  8.0 
  76 	0.0063993748 	 0.0100000000 	    3 	    0 	 0.00100000	 0.00059456 	 0.000000000188 	 14.0 
  77 	 -0.0008321070 	 0.0100000000 	    0 	 -- 	 --- f	 --- 	 0.056715699206 	 --- 
  77 	-0.0003884903 	 0.0100000000 	    1 	    0 	 0.00100000	 0.00000000 	 0.000288940153 	  4.0 
  77 	-0.0003854683 	 0.0100000000 	    2 	    0 	 0.00100000	 0.00000016 	 0.000000009149 	  8.0 
  77 	-0.0003854587 	 0.0100000000 	    3 	    0 	 0.00100000	 0.00002978 	 0.000009748804 	 20.0 
  77 	-0.0003854587 	 0.0100000000 	    4 	    0 	 0.00100000	 0.00018925 	 0.000000015698 	 24.0 
  77 	-0.0003854512 	 0.0100000000 	    5 	    0 	 0.00100000	 0.00058692 	 0.000006074890 	 36.0 
  77 	-0.0003854512 	 0.0100000000 	    6 	    0 	 0.00100000	 0.00014611 	 0.000000007621 	 40.0 
  77 	-0.0003843154 	 0.0100000000 	    7 	    0 	 0.00100000	 0.00063630 	 0.137641196691 	 57.0 
  77 	-0.0003843851 	 0.0100000000 	    8 	    0 	 0.00100000	 0.00000321 	 0.004163241733 	 61.0 
  77 	-0.0003843874 	 0.0100000000 	    9 	    0 	 0.00100000	 0.00013907 	 0.000005063218 	 65.0 
  77 	-0.0003842840 	 0.0100000000 	   10 	    0 	 0.00100000	 0.00001009 	 0.001301429139 	 73.0 
  77 	-0.0003842848 	 0.0100000000 	   11 	    0 	 0.00100000	 0.00002843 	 0.000000425274 	 77.0 
  77 	-0.0003842848 	 0.0100000000 	   12 	    0 	 0.00100000	 0.00054608 	 0.000000000115 	 82.0 
  78 	 -0.0038128499 	 0.0100000000 	    0 	 -- 	 --- f	 --- 	 0.027073318059 	 --- 
  78 	-0.0036240728 	 0.0100000000 	    1 	    0 	 0.00100000	 0.00000002 	 0.000064590277 	  4.0 
  78 	-0.0036221365 	 0.0100000000 	    2 	    0 	 0.00100000	 0.00002788 	 0.000000141968 	  8.0 
  78 	-0.0036605063 	 0.0100000000 	    3 	    0 	 0.00100000	 0.00003633 	 0.000000433410 	 18.0 
  78 	-0.0036605090 	 0.0100000000 	    4 	    0 	 0.00100000	 0.00026190 	 0.000000000262 	 22.0 
  79 	 -0.0108838763 	 0.0100000000 	    0 	 -- 	 --- f	 --- 	 0.056335247290 	 --- 
  79 	-0.0104397084 	 0.0100000000 	    1 	    0 	 0.00100000	 0.00000000 	 0.000286502111 	  4.0 
  79 	-0.0104367301 	 0.0100000000 	    2 	    0 	 0.00100000	 0.00000110 	 0.000000002614 	  8.0 
  79 	-0.0104367436 	 0.0100000000 	    3 	    0 	 0.00100000	 0.00010181 	 0.000000000203 	 20.0 
  80 	 -0.0176876901 	 0.0100000000 	    0 	 -- 	 --- f	 --- 	 0.056631137872 	 --- 
  80 	-0.0172441042 	 0.0100000000 	    1 	    0 	 0.00100000	 0.00000000 	 0.000288460598 	  4.0 
  80 	-0.0172411211 	 0.0100000000 	    2 	    0 	 0.00100000	 0.00000187 	 0.000000002574 	  8.0 
  80 	-0.0172411211 	 0.0100000000 	    3 	    0 	 0.00100000	 0.00005772 	 0.000000000344 	 14.0 
  81 	 -0.0244999110 	 0.0100000000 	    0 	 -- 	 --- f	 --- 	 0.056598696982 	 --- 
  81 	-0.0240563568 	 0.0100000000 	    1 	    0 	 0.00100000	 0.00000000 	 0.000288274768 	  4.0 
  81 	-0.0240533892 	 0.0100000000 	    2 	    0 	 0.00100000	 0.00000243 	 0.000000002541 	  8.0 
  81 	-0.0240533892 	 0.0100000000 	    3 	    0 	 0.00100000	 0.00006154 	 0.000000000101 	 14.0 
  82 	 -0.0313199530 	 0.0100000000 	    0 	 -- 	 --- f	 --- 	 0.056564869837 	 --- 
  82 	-0.0308764273 	 0.0100000000 	    1 	    0 	 0.00100000	 0.00000000 	 0.000288082082 	  4.0 
  82 	-0.0308734751 	 0.0100000000 	    2 	    0 	 0.00100000	 0.00000289 	 0.000000002481 	  8.0 
  82 	-0.0308734751 	 0.0100000000 	    3 	    0 	 0.00100000	 0.00004365 	 0.000000000210 	 14.0 
  83 	 -0.0381477796 	 0.0100000000 	    0 	 -- 	 --- f	 --- 	 0.056530952572 	 --- 
  83 	-0.0377042869 	 0.0100000000 	    1 	    0 	 0.00100000	 0.00000000 	 0.000287888752 	  4.0 
  83 	-0.0377013500 	 0.0100000000 	    2 	    0 	 0.00100000	 0.00000325 	 0.000000002439 	  8.0 
  83 	-0.0377013500 	 0.0100000000 	    3 	    0 	 0.00100000	 0.00003361 	 0.000000000202 	 14.0 
  84 	 -0.0449833621 	 0.0100000000 	    0 	 -- 	 --- f	 --- 	 0.056496949652 	 --- 
  84 	-0.0445399071 	 0.0100000000 	    1 	    0 	 0.00100000	 0.00000001 	 0.000287694804 	  4.0 
  84 	-0.0445369853 	 0.0100000000 	    2 	    0 	 0.00100000	 0.00000352 	 0.000000002397 	  8.0 
  84 	-0.0445369853 	 0.0100000000 	    3 	    0 	 0.00100000	 0.00002752 	 0.000000000121 	 14.0 
  85 	 -0.0518266722 	 0.0100000000 	    0 	 -- 	 --- f	 --- 	 0.056462862697 	 --- 
  85 	-0.0513832592 	 0.0100000000 	    1 	    0 	 0.00100000	 0.00000001 	 0.000287500249 	  4.0 
  85 	-0.0513803526 	 0.0100000000 	    2 	    0 	 0.00100000	 0.00000372 	 0.000000002399 	  8.0 
  85 	-0.0513803526 	 0.0100000000 	    3 	    0 	 0.00100000	 0.00003136 	 0.000000000345 	 14.0 
  86 	 -0.0586776815 	 0.0100000000 	    0 	 -- 	 --- f	 --- 	 0.056428693305 	 --- 
  86 	-0.0582343150 	 0.0100000000 	    1 	    0 	 0.00100000	 0.00000001 	 0.000287305099 	  4.0 
  86 	-0.0582314234 	 0.0100000000 	    2 	    0 	 0.00100000	 0.00000385 	 0.000000002331 	  8.0 
  86 	-0.0582314234 	 0.0100000000 	    3 	    0 	 0.00100000	 0.00002530 	 0.000000000087 	 14.0 
  87 	 -0.0655363617 	 0.0100000000 	    0 	 -- 	 --- f	 --- 	 0.056394443057 	 --- 
  87 	-0.0650930461 	 0.0100000000 	    1 	    0 	 0.00100000	 0.00000001 	 0.000287109365 	  4.0 
  87 	-0.0650901695 	 0.0100000000 	    2 	    0 	 0.00100000	 0.00000393 	 0.000000002272 	  8.0 
  87 	-0.0650901695 	 0.0100000000 	    3 	    0 	 0.00100000	 0.00002782 	 0.000000000083 	 14.0 
  88 	 -0.0724026847 	 0.0100000000 	    0 	 -- 	 --- f	 --- 	 0.056360113519 	 --- 
  88 	-0.0719594245 	 0.0100000000 	    1 	    0 	 0.00100000	 0.00000001 	 0.000286913058 	  4.0 
  88 	-0.0719565627 	 0.0100000000 	    2 	    0 	 0.00100000	 0.00000397 	 0.000000002231 	  8.0 
  88 	-0.0719565627 	 0.0100000000 	    3 	    0 	 0.00100000	 0.00002157 	 0.000000000102 	 14.0 
  89 	 -0.0792766226 	 0.0100000000 	    0 	 -- 	 --- f	 --- 	 0.056325706239 	 --- 
  89 	-0.0788334221 	 0.0100000000 	    1 	    0 	 0.00100000	 0.00000001 	 0.000286716190 	  4.0 
  89 	-0.0788305750 	 0.0100000000 	    2 	    0 	 0.00100000	 0.00000397 	 0.000000002218 	  8.0 
  89 	-0.0788305750 	 0.0100000000 	    3 	    0 	 0.00100000	 0.00002061 	 0.000000000110 	 14.0 
  90 	 -0.0861581474 	 0.0100000000 	    0 	 -- 	 --- f	 --- 	 0.056291222752 	 --- 
  90 	-0.0857150108 	 0.0100000000 	    1 	    0 	 0.00100000	 0.00000001 	 0.000286518770 	  4.0 
  90 	-0.0857121785 	 0.0100000000 	    2 	    0 	 0.00100000	 0.00000395 	 0.000000002160 	  8.0 
  90 	-0.0857121784 	 0.0100000000 	    3 	    0 	 0.00100000	 0.00002011 	 0.000000000205 	 14.0 
  91 	 -0.0930472314 	 0.0100000000 	    0 	 -- 	 --- f	 --- 	 0.056256664574 	 --- 
  91 	-0.0926041630 	 0.0100000000 	    1 	    0 	 0.00100000	 0.00000001 	 0.000286320811 	  4.0 
  91 	-0.0926013451 	 0.0100000000 	    2 	    0 	 0.00100000	 0.00000390 	 0.000000002182 	  8.0 
  91 	-0.0926013451 	 0.0100000000 	    3 	    0 	 0.00100000	 0.00002027 	 0.000000000344 	 14.0 
  92 	 -0.0999438467 	 0.0100000000 	    0 	 -- 	 --- f	 --- 	 0.056222033208 	 --- 
  92 	-0.0995008507 	 0.0100000000 	    1 	    0 	 0.00100000	 0.00000001 	 0.000286122323 	  4.0 
  92 	-0.0994980474 	 0.0100000000 	    2 	    0 	 0.00100000	 0.00000384 	 0.000000002121 	  8.0 
  92 	-0.0994980474 	 0.0100000000 	    3 	    0 	 0.00100000	 0.00001836 	 0.000000000110 	 14.0 
  93 	 -0.1068479659 	 0.0100000000 	    0 	 -- 	 --- f	 --- 	 0.056187330140 	 --- 
  93 	-0.1064050465 	 0.0100000000 	    1 	    0 	 0.00100000	 0.00000001 	 0.000285923317 	  4.0 
  93 	-0.1064022575 	 0.0100000000 	    2 	    0 	 0.00100000	 0.00000376 	 0.000000002062 	  8.0 
  93 	-0.1064022575 	 0.0100000000 	    3 	    0 	 0.00100000	 0.00001779 	 0.000000000100 	 14.0 
  94 	 -0.1137595614 	 0.0100000000 	    0 	 -- 	 --- f	 --- 	 0.056152556840 	 --- 
  94 	-0.1133167227 	 0.0100000000 	    1 	    0 	 0.00100000	 0.00000001 	 0.000285723803 	  4.0 
  94 	-0.1133139480 	 0.0100000000 	    2 	    0 	 0.00100000	 0.00000366 	 0.000000002061 	  8.0 
  94 	-0.1133139480 	 0.0100000000 	    3 	    0 	 0.00100000	 0.00002225 	 0.000000000107 	 14.0 
  95 	 -0.1206786059 	 0.0100000000 	    0 	 -- 	 --- f	 --- 	 0.056117714765 	 --- 
  95 	-0.1202358519 	 0.0100000000 	    1 	    0 	 0.00100000	 0.00000001 	 0.000285523791 	  4.0 
  95 	-0.1202330914 	 0.0100000000 	    2 	    0 	 0.00100000	 0.00000356 	 0.000000002012 	  8.0 
  95 	-0.1202330914 	 0.0100000000 	    3 	    0 	 0.00100000	 0.00001720 	 0.000000000102 	 14.0 
  96 	 -0.1276050721 	 0.0100000000 	    0 	 -- 	 --- f	 --- 	 0.056082805353 	 --- 
  96 	-0.1271624069 	 0.0100000000 	    1 	    0 	 0.00100000	 0.00000001 	 0.000285323292 	  4.0 
  96 	-0.1271596605 	 0.0100000000 	    2 	    0 	 0.00100000	 0.00000346 	 0.000000001975 	  8.0 
  96 	-0.1271596605 	 0.0100000000 	    3 	    0 	 0.00100000	 0.00001793 	 0.000000000117 	 14.0 
  97 	 -0.1345389328 	 0.0100000000 	    0 	 -- 	 --- f	 --- 	 0.056047830032 	 --- 
  97 	-0.1340963603 	 0.0100000000 	    1 	    0 	 0.00100000	 0.00000001 	 0.000285122316 	  4.0 
  97 	-0.1340936280 	 0.0100000000 	    2 	    0 	 0.00100000	 0.00000334 	 0.000000001954 	  8.0 
  97 	-0.1340936280 	 0.0100000000 	    3 	    0 	 0.00100000	 0.00002034 	 0.000000000352 	 14.0 
  98 	 -0.1414801609 	 0.0100000000 	    0 	 -- 	 --- f	 --- 	 0.056012790210 	 --- 
  98 	-0.1410376852 	 0.0100000000 	    1 	    0 	 0.00100000	 0.00000001 	 0.000284920874 	  4.0 
  98 	-0.1410349668 	 0.0100000000 	    2 	    0 	 0.00100000	 0.00000323 	 0.000000001990 	  8.0 
  98 	-0.1410349668 	 0.0100000000 	    3 	    0 	 0.00100000	 0.00001961 	 0.000000000113 	 14.0 
  99 	 -0.1484287295 	 0.0100000000 	    0 	 -- 	 --- f	 --- 	 0.055977687283 	 --- 
  99 	-0.1479863545 	 0.0100000000 	    1 	    0 	 0.00100000	 0.00000001 	 0.000284718974 	  4.0 
  99 	-0.1479836499 	 0.0100000000 	    2 	    0 	 0.00100000	 0.00000311 	 0.000000001966 	  8.0 
  99 	-0.1479836499 	 0.0100000000 	    3 	    0 	 0.00100000	 0.00002045 	 0.000000000096 	 14.0 
 100 	 -0.1553846117 	 0.0100000000 	    0 	 -- 	 --- f	 --- 	 0.055942522633 	 --- 
 100 	-0.1549423412 	 0.0100000000 	    1 	    0 	 0.00100000	 0.00000001 	 0.000284516627 	  4.0 
 100 	-0.1549396505 	 0.0100000000 	    2 	    0 	 0.00100000	 0.00000298 	 0.000000001883 	  8.0 
 100 	-0.1549396505 	 0.0100000000 	    3 	    0 	 0.00100000	 0.00001989 	 0.000000000342 	 14.0 
 101 	 -0.1623477808 	 0.0100000000 	    0 	 -- 	 --- f	 --- 	 0.055907297624 	 --- 
 101 	-0.1619056187 	 0.0100000000 	    1 	    0 	 0.00100000	 0.00000001 	 0.000284313843 	  4.0 
 101 	-0.1619029416 	 0.0100000000 	    2 	    0 	 0.00100000	 0.00000286 	 0.000000001921 	  8.0 
 101 	-0.1619029416 	 0.0100000000 	    3 	    0 	 0.00100000	 0.00001990 	 0.000000000193 	 14.0 
 102 	 -0.1693182100 	 0.0100000000 	    0 	 -- 	 --- f	 --- 	 0.055872013609 	 --- 
 102 	-0.1688761601 	 0.0100000000 	    1 	    0 	 0.00100000	 0.00000001 	 0.000284110632 	  4.0 
 102 	-0.1688734967 	 0.0100000000 	    2 	    0 	 0.00100000	 0.00000273 	 0.000000001902 	  8.0 
 102 	-0.1688734967 	 0.0100000000 	    3 	    0 	 0.00100000	 0.00001964 	 0.000000000121 	 14.0 
 103 	 -0.1762958730 	 0.0100000000 	    0 	 -- 	 --- f	 --- 	 0.055836671925 	 --- 
 103 	-0.1758539390 	 0.0100000000 	    1 	    0 	 0.00100000	 0.00000001 	 0.000283907002 	  4.0 
 103 	-0.1758512891 	 0.0100000000 	    2 	    0 	 0.00100000	 0.00000261 	 0.000000001818 	  8.0 
 103 	-0.1758512891 	 0.0100000000 	    3 	    0 	 0.00100000	 0.00002129 	 0.000000000202 	 14.0 
 104 	 -0.1832807431 	 0.0100000000 	    0 	 -- 	 --- f	 --- 	 0.055801273894 	 --- 
 104 	-0.1828389288 	 0.0100000000 	    1 	    0 	 0.00100000	 0.00000001 	 0.000283702963 	  4.0 
 104 	-0.1828362923 	 0.0100000000 	    2 	    0 	 0.00100000	 0.00000248 	 0.000000001809 	  8.0 
 104 	-0.1828362923 	 0.0100000000 	    3 	    0 	 0.00100000	 0.00001786 	 0.000000000191 	 14.0 
 105 	 -0.1902727942 	 0.0100000000 	    0 	 -- 	 --- f	 --- 	 0.055765820826 	 --- 
 105 	-0.1898311032 	 0.0100000000 	    1 	    0 	 0.00100000	 0.00000001 	 0.000283498525 	  4.0 
 105 	-0.1898284801 	 0.0100000000 	    2 	    0 	 0.00100000	 0.00000236 	 0.000000001813 	  8.0 
 105 	-0.1898284801 	 0.0100000000 	    3 	    0 	 0.00100000	 0.00002048 	 0.000000000122 	 14.0 
 106 	 -0.1972719998 	 0.0100000000 	    0 	 -- 	 --- f	 --- 	 0.055730314015 	 --- 
 106 	-0.1968304359 	 0.0100000000 	    1 	    0 	 0.00100000	 0.00000001 	 0.000283293697 	  4.0 
 106 	-0.1968278260 	 0.0100000000 	    2 	    0 	 0.00100000	 0.00000223 	 0.000000001770 	  8.0 
 106 	-0.1968278260 	 0.0100000000 	    3 	    0 	 0.00100000	 0.00002102 	 0.000000000091 	 14.0 
 107 	 -0.2042783340 	 0.0100000000 	    0 	 -- 	 --- f	 --- 	 0.055694754742 	 --- 
 107 	-0.2038369007 	 0.0100000000 	    1 	    0 	 0.00100000	 0.00000001 	 0.000283088487 	  4.0 
 107 	-0.2038343040 	 0.0100000000 	    2 	    0 	 0.00100000	 0.00000211 	 0.000000001751 	  8.0 
 107 	-0.2038343039 	 0.0100000000 	    3 	    0 	 0.00100000	 0.00002406 	 0.000000000102 	 14.0 
 108 	 -0.2112917706 	 0.0100000000 	    0 	 -- 	 --- f	 --- 	 0.055659144275 	 --- 
 108 	-0.2108504715 	 0.0100000000 	    1 	    0 	 0.00100000	 0.00000001 	 0.000282882906 	  4.0 
 108 	-0.2108478879 	 0.0100000000 	    2 	    0 	 0.00100000	 0.00000198 	 0.000000001737 	  8.0 
 108 	-0.2108478879 	 0.0100000000 	    3 	    0 	 0.00100000	 0.00001908 	 0.000000000117 	 14.0 
 109 	 -0.2183122838 	 0.0100000000 	    0 	 -- 	 --- f	 --- 	 0.055623483866 	 --- 
 109 	-0.2178711223 	 0.0100000000 	    1 	    0 	 0.00100000	 0.00000000 	 0.000282676962 	  4.0 
 109 	-0.2178685518 	 0.0100000000 	    2 	    0 	 0.00100000	 0.00000186 	 0.000000001733 	  8.0 
 109 	-0.2178685518 	 0.0100000000 	    3 	    0 	 0.00100000	 0.00001980 	 0.000000000341 	 14.0 
 110 	 -0.2253398477 	 0.0100000000 	    0 	 -- 	 --- f	 --- 	 0.055587774755 	 --- 
 110 	-0.2248988274 	 0.0100000000 	    1 	    0 	 0.00100000	 0.00000000 	 0.000282470663 	  4.0 
 110 	-0.2248962698 	 0.0100000000 	    2 	    0 	 0.00100000	 0.00000174 	 0.000000001720 	  8.0 
 110 	-0.2248962698 	 0.0100000000 	    3 	    0 	 0.00100000	 0.00002374 	 0.000000000349 	 14.0 
 111 	 -0.2323744366 	 0.0100000000 	    0 	 -- 	 --- f	 --- 	 0.055552018169 	 --- 
 111 	-0.2319335610 	 0.0100000000 	    1 	    0 	 0.00100000	 0.00000000 	 0.000282264018 	  4.0 
 111 	-0.2319310162 	 0.0100000000 	    2 	    0 	 0.00100000	 0.00000163 	 0.000000001773 	  8.0 
 111 	-0.2319310162 	 0.0100000000 	    3 	    0 	 0.00100000	 0.00002604 	 0.000000000111 	 14.0 
 112 	 -0.2394160248 	 0.0100000000 	    0 	 -- 	 --- f	 --- 	 0.055516215321 	 --- 
 112 	-0.2389752973 	 0.0100000000 	    1 	    0 	 0.00100000	 0.00000000 	 0.000282057037 	  4.0 
 112 	-0.2389727653 	 0.0100000000 	    2 	    0 	 0.00100000	 0.00000151 	 0.000000001722 	  8.0 
 112 	-0.2389727653 	 0.0100000000 	    3 	    0 	 0.00100000	 0.00002373 	 0.000000000105 	 14.0 
 113 	 -0.2464645869 	 0.0100000000 	    0 	 -- 	 --- f	 --- 	 0.055480367411 	 --- 
 113 	-0.2460240108 	 0.0100000000 	    1 	    0 	 0.00100000	 0.00000000 	 0.000281849727 	  4.0 
 113 	-0.2460214915 	 0.0100000000 	    2 	    0 	 0.00100000	 0.00000140 	 0.000000001690 	  8.0 
 113 	-0.2460214915 	 0.0100000000 	    3 	    0 	 0.00100000	 0.00002830 	 0.000000000114 	 14.0 
 114 	 -0.2535200974 	 0.0100000000 	    0 	 -- 	 --- f	 --- 	 0.055444475625 	 --- 
 114 	-0.2530796761 	 0.0100000000 	    1 	    0 	 0.00100000	 0.00000000 	 0.000281642096 	  4.0 
 114 	-0.2530771694 	 0.0100000000 	    2 	    0 	 0.00100000	 0.00000130 	 0.000000001678 	  8.0 
 114 	-0.2530771694 	 0.0100000000 	    3 	    0 	 0.00100000	 0.00003157 	 0.000000000201 	 14.0 
 115 	 -0.2605825310 	 0.0100000000 	    0 	 -- 	 --- f	 --- 	 0.055408541137 	 --- 
 115 	-0.2601422678 	 0.0100000000 	    1 	    0 	 0.00100000	 0.00000000 	 0.000281434154 	  4.0 
 115 	-0.2601397736 	 0.0100000000 	    2 	    0 	 0.00100000	 0.00000120 	 0.000000001675 	  8.0 
 115 	-0.2601397736 	 0.0100000000 	    3 	    0 	 0.00100000	 0.00002559 	 0.000000000089 	 14.0 
 116 	 -0.2676518624 	 0.0100000000 	    0 	 -- 	 --- f	 --- 	 0.055372565107 	 --- 
 116 	-0.2672117606 	 0.0100000000 	    1 	    0 	 0.00100000	 0.00000000 	 0.000281225909 	  4.0 
 116 	-0.2672092790 	 0.0100000000 	    2 	    0 	 0.00100000	 0.00000111 	 0.000000001664 	  8.0 
 116 	-0.2672092790 	 0.0100000000 	    3 	    0 	 0.00100000	 0.00002573 	 0.000000000338 	 14.0 
 117 	 -0.2747280667 	 0.0100000000 	    0 	 -- 	 --- f	 --- 	 0.055336548685 	 --- 
 117 	-0.2742881295 	 0.0100000000 	    1 	    0 	 0.00100000	 0.00000000 	 0.000281017368 	  4.0 
 117 	-0.2742856602 	 0.0100000000 	    2 	    0 	 0.00100000	 0.00000102 	 0.000000001662 	  8.0 
 117 	-0.2742856602 	 0.0100000000 	    3 	    0 	 0.00100000	 0.00003304 	 0.000000000189 	 14.0 
 118 	 -0.2818111186 	 0.0100000000 	    0 	 -- 	 --- f	 --- 	 0.055300493005 	 --- 
 118 	-0.2813713492 	 0.0100000000 	    1 	    0 	 0.00100000	 0.00000000 	 0.000280808540 	  4.0 
 118 	-0.2813688923 	 0.0100000000 	    2 	    0 	 0.00100000	 0.00000095 	 0.000000001720 	  8.0 
 118 	-0.2813688923 	 0.0100000000 	    3 	    0 	 0.00100000	 0.00002900 	 0.000000000099 	 14.0 
 119 	 -0.2889009934 	 0.0100000000 	    0 	 -- 	 --- f	 --- 	 0.055264399189 	 --- 
 119 	-0.2884613950 	 0.0100000000 	    1 	    0 	 0.00100000	 0.00000000 	 0.000280599432 	  4.0 
 119 	-0.2884589503 	 0.0100000000 	    2 	    0 	 0.00100000	 0.00000088 	 0.000000001655 	  8.0 
 119 	-0.2884589503 	 0.0100000000 	    3 	    0 	 0.00100000	 0.00002729 	 0.000000000127 	 14.0 
 120 	 -0.2959976662 	 0.0100000000 	    0 	 -- 	 --- f	 --- 	 0.055228268349 	 --- 
 120 	-0.2955582419 	 0.0100000000 	    1 	    0 	 0.00100000	 0.00000000 	 0.000280390053 	  4.0 
 120 	-0.2955558094 	 0.0100000000 	    2 	    0 	 0.00100000	 0.00000083 	 0.000000001642 	  8.0 
 120 	-0.2955558094 	 0.0100000000 	    3 	    0 	 0.00100000	 0.00003125 	 0.000000000099 	 14.0 
 121 	 -0.3031011123 	 0.0100000000 	    0 	 -- 	 --- f	 --- 	 0.055192101583 	 --- 
 121 	-0.3026618652 	 0.0100000000 	    1 	    0 	 0.00100000	 0.00000000 	 0.000280180410 	  4.0 
 121 	-0.3026594448 	 0.0100000000 	    2 	    0 	 0.00100000	 0.00000080 	 0.000000001646 	  8.0 
 121 	-0.3026594448 	 0.0100000000 	    3 	    0 	 0.00100000	 0.00002688 	 0.000000000110 	 14.0 
 122 	 -0.3102113070 	 0.0100000000 	    0 	 -- 	 --- f	 --- 	 0.055155899976 	 --- 
 122 	-0.3097722403 	 0.0100000000 	    1 	    0 	 0.00100000	 0.00000000 	 0.000279970510 	  4.0 
 122 	-0.3097698318 	 0.0100000000 	    2 	    0 	 0.00100000	 0.00000078 	 0.000000001680 	  8.0 
 122 	-0.3097698318 	 0.0100000000 	    3 	    0 	 0.00100000	 0.00003161 	 0.000000000197 	 14.0 
 123 	 -0.3173282259 	 0.0100000000 	    0 	 -- 	 --- f	 --- 	 0.055119664601 	 --- 
 123 	-0.3168893425 	 0.0100000000 	    1 	    0 	 0.00100000	 0.00000000 	 0.000279760362 	  4.0 
 123 	-0.3168869460 	 0.0100000000 	    2 	    0 	 0.00100000	 0.00000079 	 0.000000001649 	  8.0 
 123 	-0.3168869460 	 0.0100000000 	    3 	    0 	 0.00100000	 0.00003307 	 0.000000000122 	 14.0 
 124 	 -0.3244518445 	 0.0100000000 	    0 	 -- 	 --- f	 --- 	 0.055083396521 	 --- 
 124 	-0.3240131474 	 0.0100000000 	    1 	    0 	 0.00100000	 0.00000000 	 0.000279549973 	  4.0 
 124 	-0.3240107628 	 0.0100000000 	    2 	    0 	 0.00100000	 0.00000081 	 0.000000001670 	  8.0 
 124 	-0.3240107628 	 0.0100000000 	    3 	    0 	 0.00100000	 0.00003672 	 0.000000000135 	 14.0 
 125 	 -0.3315821385 	 0.0100000000 	    0 	 -- 	 --- f	 --- 	 0.055047096786 	 --- 
 125 	-0.3311436307 	 0.0100000000 	    1 	    0 	 0.00100000	 0.00000000 	 0.000279339351 	  4.0 
 125 	-0.3311412579 	 0.0100000000 	    2 	    0 	 0.00100000	 0.00000084 	 0.000000001639 	  8.0 
 125 	-0.3311412579 	 0.0100000000 	    3 	    0 	 0.00100000	 0.00002985 	 0.000000000089 	 14.0 
 126 	 -0.3387190837 	 0.0100000000 	    0 	 -- 	 --- f	 --- 	 0.055010766433 	 --- 
 126 	-0.3382807681 	 0.0100000000 	    1 	    0 	 0.00100000	 0.00000000 	 0.000279128502 	  4.0 
 126 	-0.3382784070 	 0.0100000000 	    2 	    0 	 0.00100000	 0.00000089 	 0.000000001668 	  8.0 
 126 	-0.3382784070 	 0.0100000000 	    3 	    0 	 0.00100000	 0.00003038 	 0.000000000189 	 14.0 
 127 	 -0.3458626559 	 0.0100000000 	    0 	 -- 	 --- f	 --- 	 0.054974406488 	 --- 
 127 	-0.3454245355 	 0.0100000000 	    1 	    0 	 0.00100000	 0.00000000 	 0.000278917434 	  4.0 
 127 	-0.3454221860 	 0.0100000000 	    2 	    0 	 0.00100000	 0.00000095 	 0.000000001644 	  8.0 
 127 	-0.3454221860 	 0.0100000000 	    3 	    0 	 0.00100000	 0.00002633 	 0.000000000110 	 14.0 
 128 	 -0.3530128312 	 0.0100000000 	    0 	 -- 	 --- f	 --- 	 0.054938017966 	 --- 
 128 	-0.3525749087 	 0.0100000000 	    1 	    0 	 0.00100000	 0.00000000 	 0.000278706154 	  4.0 
 128 	-0.3525725708 	 0.0100000000 	    2 	    0 	 0.00100000	 0.00000102 	 0.000000001648 	  8.0 
 128 	-0.3525725708 	 0.0100000000 	    3 	    0 	 0.00100000	 0.00002470 	 0.000000000118 	 14.0 
 129 	 -0.3601695855 	 0.0100000000 	    0 	 -- 	 --- f	 --- 	 0.054901601871 	 --- 
 129 	-0.3597318639 	 0.0100000000 	    1 	    0 	 0.00100000	 0.00000000 	 0.000278494668 	  4.0 
 129 	-0.3597295375 	 0.0100000000 	    2 	    0 	 0.00100000	 0.00000110 	 0.000000001658 	  8.0 
 129 	-0.3597295375 	 0.0100000000 	    3 	    0 	 0.00100000	 0.00002232 	 0.000000000118 	 14.0 
 130 	 -0.3673328951 	 0.0100000000 	    0 	 -- 	 --- f	 --- 	 0.054865159194 	 --- 
 130 	-0.3668953771 	 0.0100000000 	    1 	    0 	 0.00100000	 0.00000000 	 0.000278282986 	  4.0 
 130 	-0.3668930622 	 0.0100000000 	    2 	    0 	 0.00100000	 0.00000118 	 0.000000001650 	  8.0 
 130 	-0.3668930622 	 0.0100000000 	    3 	    0 	 0.00100000	 0.00002913 	 0.000000000124 	 14.0 
 131 	 -0.3745027363 	 0.0100000000 	    0 	 -- 	 --- f	 --- 	 0.054828690916 	 --- 
 131 	-0.3740654247 	 0.0100000000 	    1 	    0 	 0.00100000	 0.00000000 	 0.000278071112 	  4.0 
 131 	-0.3740631210 	 0.0100000000 	    2 	    0 	 0.00100000	 0.00000126 	 0.000000001650 	  8.0 
 131 	-0.3740631210 	 0.0100000000 	    3 	    0 	 0.00100000	 0.00002426 	 0.000000000192 	 14.0 
 132 	 -0.3816790853 	 0.0100000000 	    0 	 -- 	 --- f	 --- 	 0.054792198006 	 --- 
 132 	-0.3812419828 	 0.0100000000 	    1 	    0 	 0.00100000	 0.00000000 	 0.000277859053 	  4.0 
 132 	-0.3812396905 	 0.0100000000 	    2 	    0 	 0.00100000	 0.00000135 	 0.000000001659 	  8.0 
 132 	-0.3812396905 	 0.0100000000 	    3 	    0 	 0.00100000	 0.00002004 	 0.000000000120 	 14.0 
 133 	 -0.3888619186 	 0.0100000000 	    0 	 -- 	 --- f	 --- 	 0.054755681422 	 --- 
 133 	-0.3884250280 	 0.0100000000 	    1 	    0 	 0.00100000	 0.00000001 	 0.000277646818 	  4.0 
 133 	-0.3884227469 	 0.0100000000 	    2 	    0 	 0.00100000	 0.00000144 	 0.000000001666 	  8.0 
 133 	-0.3884227469 	 0.0100000000 	    3 	    0 	 0.00100000	 0.00002204 	 0.000000000343 	 14.0 
 134 	 -0.3960512129 	 0.0100000000 	    0 	 -- 	 --- f	 --- 	 0.054719142111 	 --- 
 134 	-0.3956145367 	 0.0100000000 	    1 	    0 	 0.00100000	 0.00000001 	 0.000277434411 	  4.0 
 134 	-0.3956122668 	 0.0100000000 	    2 	    0 	 0.00100000	 0.00000153 	 0.000000001734 	  8.0 
 134 	-0.3956122668 	 0.0100000000 	    3 	    0 	 0.00100000	 0.00002295 	 0.000000000193 	 14.0 
 135 	 -0.4032469446 	 0.0100000000 	    0 	 -- 	 --- f	 --- 	 0.054682581011 	 --- 
 135 	-0.4028104857 	 0.0100000000 	    1 	    0 	 0.00100000	 0.00000001 	 0.000277221840 	  4.0 
 135 	-0.4028082268 	 0.0100000000 	    2 	    0 	 0.00100000	 0.00000162 	 0.000000001698 	  8.0 
 135 	-0.4028082268 	 0.0100000000 	    3 	    0 	 0.00100000	 0.00001831 	 0.000000000202 	 14.0 
 136 	 -0.4104490907 	 0.0100000000 	    0 	 -- 	 --- f	 --- 	 0.054645999047 	 --- 
 136 	-0.4100128515 	 0.0100000000 	    1 	    0 	 0.00100000	 0.00000001 	 0.000277009111 	  4.0 
 136 	-0.4100106037 	 0.0100000000 	    2 	    0 	 0.00100000	 0.00000172 	 0.000000001680 	  8.0 
 136 	-0.4100106037 	 0.0100000000 	    3 	    0 	 0.00100000	 0.00001753 	 0.000000000194 	 14.0 
 137 	 -0.4176576279 	 0.0100000000 	    0 	 -- 	 --- f	 --- 	 0.054609397133 	 --- 
 137 	-0.4172216110 	 0.0100000000 	    1 	    0 	 0.00100000	 0.00000001 	 0.000276796231 	  4.0 
 137 	-0.4172193742 	 0.0100000000 	    2 	    0 	 0.00100000	 0.00000181 	 0.000000001682 	  8.0 
 137 	-0.4172193742 	 0.0100000000 	    3 	    0 	 0.00100000	 0.00001580 	 0.000000000114 	 14.0 
 138 	 -0.4248725332 	 0.0100000000 	    0 	 -- 	 --- f	 --- 	 0.054572776175 	 --- 
 138 	-0.4244367412 	 0.0100000000 	    1 	    0 	 0.00100000	 0.00000001 	 0.000276583206 	  4.0 
 138 	-0.4244345152 	 0.0100000000 	    2 	    0 	 0.00100000	 0.00000190 	 0.000000001679 	  8.0 
 138 	-0.4244345152 	 0.0100000000 	    3 	    0 	 0.00100000	 0.00001552 	 0.000000000192 	 14.0 
 139 	 -0.4320937835 	 0.0100000000 	    0 	 -- 	 --- f	 --- 	 0.054536137065 	 --- 
 139 	-0.4316582190 	 0.0100000000 	    1 	    0 	 0.00100000	 0.00000001 	 0.000276370042 	  4.0 
 139 	-0.4316560038 	 0.0100000000 	    2 	    0 	 0.00100000	 0.00000200 	 0.000000001691 	  8.0 
 139 	-0.4316560038 	 0.0100000000 	    3 	    0 	 0.00100000	 0.00001557 	 0.000000000119 	 14.0 
 140 	 -0.4393213561 	 0.0100000000 	    0 	 -- 	 --- f	 --- 	 0.054499480689 	 --- 
 140 	-0.4388860214 	 0.0100000000 	    1 	    0 	 0.00100000	 0.00000001 	 0.000276156746 	  4.0 
 140 	-0.4388838170 	 0.0100000000 	    2 	    0 	 0.00100000	 0.00000209 	 0.000000001703 	  8.0 
 140 	-0.4388838170 	 0.0100000000 	    3 	    0 	 0.00100000	 0.00001399 	 0.000000000203 	 14.0 
 141 	 -0.4465552281 	 0.0100000000 	    0 	 -- 	 --- f	 --- 	 0.054462807918 	 --- 
 141 	-0.4461201258 	 0.0100000000 	    1 	    0 	 0.00100000	 0.00000001 	 0.000275943323 	  4.0 
 141 	-0.4461179321 	 0.0100000000 	    2 	    0 	 0.00100000	 0.00000218 	 0.000000001702 	  8.0 
 141 	-0.4461179321 	 0.0100000000 	    3 	    0 	 0.00100000	 0.00001399 	 0.000000000104 	 14.0 
 142 	 -0.4537953768 	 0.0100000000 	    0 	 -- 	 --- f	 --- 	 0.054426119616 	 --- 
 142 	-0.4533605093 	 0.0100000000 	    1 	    0 	 0.00100000	 0.00000001 	 0.000275729780 	  4.0 
 142 	-0.4533583262 	 0.0100000000 	    2 	    0 	 0.00100000	 0.00000227 	 0.000000001714 	  8.0 
 142 	-0.4533583262 	 0.0100000000 	    3 	    0 	 0.00100000	 0.00001305 	 0.000000000187 	 14.0 
 143 	 -0.4610417797 	 0.0100000000 	    0 	 -- 	 --- f	 --- 	 0.054389416636 	 --- 
 143 	-0.4606071494 	 0.0100000000 	    1 	    0 	 0.00100000	 0.00000001 	 0.000275516122 	  4.0 
 143 	-0.4606049769 	 0.0100000000 	    2 	    0 	 0.00100000	 0.00000237 	 0.000000001715 	  8.0 
 143 	-0.4606049769 	 0.0100000000 	    3 	    0 	 0.00100000	 0.00001397 	 0.000000000100 	 14.0 
 144 	 -0.4682944142 	 0.0100000000 	    0 	 -- 	 --- f	 --- 	 0.054352699821 	 --- 
 144 	-0.4678600235 	 0.0100000000 	    1 	    0 	 0.00100000	 0.00000001 	 0.000275302355 	  4.0 
 144 	-0.4678578615 	 0.0100000000 	    2 	    0 	 0.00100000	 0.00000246 	 0.000000001751 	  8.0 
 144 	-0.4678578615 	 0.0100000000 	    3 	    0 	 0.00100000	 0.00001111 	 0.000000000340 	 14.0 
 145 	 -0.4755532580 	 0.0100000000 	    0 	 -- 	 --- f	 --- 	 0.054315970005 	 --- 
 145 	-0.4751191092 	 0.0100000000 	    1 	    0 	 0.00100000	 0.00000001 	 0.000275088486 	  4.0 
 145 	-0.4751169576 	 0.0100000000 	    2 	    0 	 0.00100000	 0.00000255 	 0.000000001798 	  8.0 
 145 	-0.4751169576 	 0.0100000000 	    3 	    0 	 0.00100000	 0.00001048 	 0.000000000210 	 14.0 
 146 	 -0.4828182887 	 0.0100000000 	    0 	 -- 	 --- f	 --- 	 0.054279228010 	 --- 
 146 	-0.4823843842 	 0.0100000000 	    1 	    0 	 0.00100000	 0.00000001 	 0.000274874520 	  4.0 
 146 	-0.4823822429 	 0.0100000000 	    2 	    0 	 0.00100000	 0.00000264 	 0.000000001744 	  8.0 
 146 	-0.4823822429 	 0.0100000000 	    3 	    0 	 0.00100000	 0.00001603 	 0.000000000094 	 14.0 
 147 	 -0.4900894841 	 0.0100000000 	    0 	 -- 	 --- f	 --- 	 0.054242474650 	 --- 
 147 	-0.4896558261 	 0.0100000000 	    1 	    0 	 0.00100000	 0.00000001 	 0.000274660462 	  4.0 
 147 	-0.4896536952 	 0.0100000000 	    2 	    0 	 0.00100000	 0.00000273 	 0.000000001744 	  8.0 
 147 	-0.4896536951 	 0.0100000000 	    3 	    0 	 0.00100000	 0.00001044 	 0.000000000118 	 14.0 
 148 	 -0.4973668221 	 0.0100000000 	    0 	 -- 	 --- f	 --- 	 0.054205710729 	 --- 
 148 	-0.4969334129 	 0.0100000000 	    1 	    0 	 0.00100000	 0.00000001 	 0.000274446319 	  4.0 
 148 	-0.4969312922 	 0.0100000000 	    2 	    0 	 0.00100000	 0.00000282 	 0.000000001784 	  8.0 
 148 	-0.4969312922 	 0.0100000000 	    3 	    0 	 0.00100000	 0.00001116 	 0.000000000097 	 14.0 
 149 	 -0.5046502806 	 0.0100000000 	    0 	 -- 	 --- f	 --- 	 0.054168937042 	 --- 
 149 	-0.5042171224 	 0.0100000000 	    1 	    0 	 0.00100000	 0.00000001 	 0.000274232095 	  4.0 
 149 	-0.5042150119 	 0.0100000000 	    2 	    0 	 0.00100000	 0.00000291 	 0.000000001794 	  8.0 
 149 	-0.5042150119 	 0.0100000000 	    3 	    0 	 0.00100000	 0.00001147 	 0.000000000118 	 14.0 
 150 	 -0.5119398377 	 0.0100000000 	    0 	 -- 	 --- f	 --- 	 0.054132154373 	 --- 
 150 	-0.5115069328 	 0.0100000000 	    1 	    0 	 0.00100000	 0.00000001 	 0.000274017796 	  4.0 
 150 	-0.5115048323 	 0.0100000000 	    2 	    0 	 0.00100000	 0.00000300 	 0.000000001778 	  8.0 
 150 	-0.5115048323 	 0.0100000000 	    3 	    0 	 0.00100000	 0.00000911 	 0.000000000341 	 14.0 
 151 	 -0.5192354715 	 0.0100000000 	    0 	 -- 	 --- f	 --- 	 0.054095363499 	 --- 
 151 	-0.5188028220 	 0.0100000000 	    1 	    0 	 0.00100000	 0.00000001 	 0.000273803428 	  4.0 
 151 	-0.5188007316 	 0.0100000000 	    2 	    0 	 0.00100000	 0.00000308 	 0.000000001789 	  8.0 
 151 	-0.5188007316 	 0.0100000000 	    3 	    0 	 0.00100000	 0.00001017 	 0.000000000093 	 14.0 
 152 	 -0.5265371603 	 0.0100000000 	    0 	 -- 	 --- f	 --- 	 0.054058565185 	 --- 
 152 	-0.5261047683 	 0.0100000000 	    1 	    0 	 0.00100000	 0.00000001 	 0.000273588996 	  4.0 
 152 	-0.5261026879 	 0.0100000000 	    2 	    0 	 0.00100000	 0.00000317 	 0.000000001815 	  8.0 
 152 	-0.5261026879 	 0.0100000000 	    3 	    0 	 0.00100000	 0.00001023 	 0.000000000198 	 14.0 
 153 	 -0.5338448824 	 0.0100000000 	    0 	 -- 	 --- f	 --- 	 0.054021760189 	 --- 
 153 	-0.5334127501 	 0.0100000000 	    1 	    0 	 0.00100000	 0.00000001 	 0.000273374506 	  4.0 
 153 	-0.5334106796 	 0.0100000000 	    2 	    0 	 0.00100000	 0.00000326 	 0.000000001804 	  8.0 
 153 	-0.5334106796 	 0.0100000000 	    3 	    0 	 0.00100000	 0.00001046 	 0.000000000109 	 14.0 
 154 	 -0.5411586162 	 0.0100000000 	    0 	 -- 	 --- f	 --- 	 0.053984949259 	 --- 
 154 	-0.5407267457 	 0.0100000000 	    1 	    0 	 0.00100000	 0.00000001 	 0.000273159961 	  4.0 
 154 	-0.5407246851 	 0.0100000000 	    2 	    0 	 0.00100000	 0.00000334 	 0.000000001812 	  8.0 
 154 	-0.5407246851 	 0.0100000000 	    3 	    0 	 0.00100000	 0.00001003 	 0.000000000098 	 14.0 
 155 	 -0.5484783402 	 0.0100000000 	    0 	 -- 	 --- f	 --- 	 0.053948133134 	 --- 
 155 	-0.5480467335 	 0.0100000000 	    1 	    0 	 0.00100000	 0.00000001 	 0.000272945369 	  4.0 
 155 	-0.5480446827 	 0.0100000000 	    2 	    0 	 0.00100000	 0.00000343 	 0.000000001815 	  8.0 
 155 	-0.5480446827 	 0.0100000000 	    3 	    0 	 0.00100000	 0.00000816 	 0.000000000356 	 14.0 
 156 	 -0.5558040329 	 0.0100000000 	    0 	 -- 	 --- f	 --- 	 0.053911312545 	 --- 
 156 	-0.5553726922 	 0.0100000000 	    1 	    0 	 0.00100000	 0.00000001 	 0.000272730732 	  4.0 
 156 	-0.5553706512 	 0.0100000000 	    2 	    0 	 0.00100000	 0.00000351 	 0.000000001840 	  8.0 
 156 	-0.5553706512 	 0.0100000000 	    3 	    0 	 0.00100000	 0.00000819 	 0.000000000345 	 14.0 
 157 	 -0.5631356732 	 0.0100000000 	    0 	 -- 	 --- f	 --- 	 0.053874488212 	 --- 
 157 	-0.5627046004 	 0.0100000000 	    1 	    0 	 0.00100000	 0.00000001 	 0.000272516058 	  4.0 
 157 	-0.5627025690 	 0.0100000000 	    2 	    0 	 0.00100000	 0.00000359 	 0.000000001864 	  8.0 
 157 	-0.5627025690 	 0.0100000000 	    3 	    0 	 0.00100000	 0.00000982 	 0.000000000104 	 14.0 
 158 	 -0.5704732397 	 0.0100000000 	    0 	 -- 	 --- f	 --- 	 0.053837660849 	 --- 
 158 	-0.5700424368 	 0.0100000000 	    1 	    0 	 0.00100000	 0.00000001 	 0.000272301349 	  4.0 
 158 	-0.5700404151 	 0.0100000000 	    2 	    0 	 0.00100000	 0.00000368 	 0.000000001847 	  8.0 
 158 	-0.5700404151 	 0.0100000000 	    3 	    0 	 0.00100000	 0.00000896 	 0.000000000107 	 14.0 
 159 	 -0.5778167114 	 0.0100000000 	    0 	 -- 	 --- f	 --- 	 0.053800831160 	 --- 
 159 	-0.5773861804 	 0.0100000000 	    1 	    0 	 0.00100000	 0.00000001 	 0.000272086613 	  4.0 
 159 	-0.5773841682 	 0.0100000000 	    2 	    0 	 0.00100000	 0.00000376 	 0.000000001860 	  8.0 
 159 	-0.5773841682 	 0.0100000000 	    3 	    0 	 0.00100000	 0.00000826 	 0.000000000342 	 14.0 
 160 	 -0.5851660671 	 0.0100000000 	    0 	 -- 	 --- f	 --- 	 0.053763999840 	 --- 
 160 	-0.5847358099 	 0.0100000000 	    1 	    0 	 0.00100000	 0.00000001 	 0.000271871852 	  4.0 
 160 	-0.5847338073 	 0.0100000000 	    2 	    0 	 0.00100000	 0.00000384 	 0.000000001885 	  8.0 
 160 	-0.5847338073 	 0.0100000000 	    3 	    0 	 0.00100000	 0.00000847 	 0.000000000202 	 14.0 
 161 	 -0.5925212860 	 0.0100000000 	    0 	 -- 	 --- f	 --- 	 0.053727167577 	 --- 
 161 	-0.5920913045 	 0.0100000000 	    1 	    0 	 0.00100000	 0.00000001 	 0.000271657073 	  4.0 
 161 	-0.5920893114 	 0.0100000000 	    2 	    0 	 0.00100000	 0.00000392 	 0.000000001874 	  8.0 
 161 	-0.5920893114 	 0.0100000000 	    3 	    0 	 0.00100000	 0.00000746 	 0.000000000124 	 14.0 
 162 	 -0.5998823470 	 0.0100000000 	    0 	 -- 	 --- f	 --- 	 0.053690335048 	 --- 
 162 	-0.5994526432 	 0.0100000000 	    1 	    0 	 0.00100000	 0.00000002 	 0.000271442279 	  4.0 
 162 	-0.5994506595 	 0.0100000000 	    2 	    0 	 0.00100000	 0.00000400 	 0.000000001881 	  8.0 
 162 	-0.5994506595 	 0.0100000000 	    3 	    0 	 0.00100000	 0.00000765 	 0.000000000093 	 14.0 
 163 	 -0.6072492296 	 0.0100000000 	    0 	 -- 	 --- f	 --- 	 0.053653502924 	 --- 
 163 	-0.6068198052 	 0.0100000000 	    1 	    0 	 0.00100000	 0.00000002 	 0.000271227475 	  4.0 
 163 	-0.6068178309 	 0.0100000000 	    2 	    0 	 0.00100000	 0.00000408 	 0.000000001897 	  8.0 
 163 	-0.6068178309 	 0.0100000000 	    3 	    0 	 0.00100000	 0.00000761 	 0.000000000349 	 14.0 
 164 	 -0.6146219128 	 0.0100000000 	    0 	 -- 	 --- f	 --- 	 0.053616671868 	 --- 
 164 	-0.6141927699 	 0.0100000000 	    1 	    0 	 0.00100000	 0.00000002 	 0.000271012666 	  4.0 
 164 	-0.6141908048 	 0.0100000000 	    2 	    0 	 0.00100000	 0.00000416 	 0.000000001909 	  8.0 
 164 	-0.6141908048 	 0.0100000000 	    3 	    0 	 0.00100000	 0.00000649 	 0.000000000089 	 14.0 
 165 	 -0.6220003763 	 0.0100000000 	    0 	 -- 	 --- f	 --- 	 0.053579842533 	 --- 
 165 	-0.6215715165 	 0.0100000000 	    1 	    0 	 0.00100000	 0.00000002 	 0.000270797857 	  4.0 
 165 	-0.6215695606 	 0.0100000000 	    2 	    0 	 0.00100000	 0.00000424 	 0.000000001905 	  8.0 
 165 	-0.6215695606 	 0.0100000000 	    3 	    0 	 0.00100000	 0.00000651 	 0.000000000347 	 14.0 
 166 	 -0.6293845993 	 0.0100000000 	    0 	 -- 	 --- f	 --- 	 0.053543015566 	 --- 
 166 	-0.6289560245 	 0.0100000000 	    1 	    0 	 0.00100000	 0.00000002 	 0.000270583051 	  4.0 
 166 	-0.6289540778 	 0.0100000000 	    2 	    0 	 0.00100000	 0.00000431 	 0.000000002022 	  8.0 
 166 	-0.6289540778 	 0.0100000000 	    3 	    0 	 0.00100000	 0.00000733 	 0.000000000108 	 14.0 
 167 	 -0.6367745615 	 0.0100000000 	    0 	 -- 	 --- f	 --- 	 0.053506191603 	 --- 
 167 	-0.6363462734 	 0.0100000000 	    1 	    0 	 0.00100000	 0.00000002 	 0.000270368254 	  4.0 
 167 	-0.6363443358 	 0.0100000000 	    2 	    0 	 0.00100000	 0.00000439 	 0.000000001948 	  8.0 
 167 	-0.6363443358 	 0.0100000000 	    3 	    0 	 0.00100000	 0.00000715 	 0.000000000115 	 14.0 
 168 	 -0.6441702425 	 0.0100000000 	    0 	 -- 	 --- f	 --- 	 0.053469371275 	 --- 
 168 	-0.6437422429 	 0.0100000000 	    1 	    0 	 0.00100000	 0.00000002 	 0.000270153469 	  4.0 
 168 	-0.6437403144 	 0.0100000000 	    2 	    0 	 0.00100000	 0.00000447 	 0.000000001964 	  8.0 
 168 	-0.6437403144 	 0.0100000000 	    3 	    0 	 0.00100000	 0.00000752 	 0.000000000097 	 14.0 
 169 	 -0.6515716221 	 0.0100000000 	    0 	 -- 	 --- f	 --- 	 0.053432555205 	 --- 
 169 	-0.6511439127 	 0.0100000000 	    1 	    0 	 0.00100000	 0.00000002 	 0.000269938700 	  4.0 
 169 	-0.6511419932 	 0.0100000000 	    2 	    0 	 0.00100000	 0.00000454 	 0.000000001941 	  8.0 
 169 	-0.6511419932 	 0.0100000000 	    3 	    0 	 0.00100000	 0.00000722 	 0.000000000187 	 14.0 
 170 	 -0.6589786800 	 0.0100000000 	    0 	 -- 	 --- f	 --- 	 0.053395744005 	 --- 
 170 	-0.6585512625 	 0.0100000000 	    1 	    0 	 0.00100000	 0.00000002 	 0.000269723953 	  4.0 
 170 	-0.6585493520 	 0.0100000000 	    2 	    0 	 0.00100000	 0.00000462 	 0.000000001978 	  8.0 
 170 	-0.6585493520 	 0.0100000000 	    3 	    0 	 0.00100000	 0.00000675 	 0.000000000104 	 14.0 
 171 	 -0.6663913962 	 0.0100000000 	    0 	 -- 	 --- f	 --- 	 0.053358938285 	 --- 
 171 	-0.6659642723 	 0.0100000000 	    1 	    0 	 0.00100000	 0.00000002 	 0.000269509231 	  4.0 
 171 	-0.6659623707 	 0.0100000000 	    2 	    0 	 0.00100000	 0.00000469 	 0.000000001960 	  8.0 
 171 	-0.6659623707 	 0.0100000000 	    3 	    0 	 0.00100000	 0.00000679 	 0.000000000107 	 14.0 
 172 	 -0.6738097507 	 0.0100000000 	    0 	 -- 	 --- f	 --- 	 0.053322138641 	 --- 
 172 	-0.6733829220 	 0.0100000000 	    1 	    0 	 0.00100000	 0.00000002 	 0.000269294539 	  4.0 
 172 	-0.6733810293 	 0.0100000000 	    2 	    0 	 0.00100000	 0.00000476 	 0.000000001972 	  8.0 
 172 	-0.6733810293 	 0.0100000000 	    3 	    0 	 0.00100000	 0.00000725 	 0.000000000087 	 14.0 
 173 	 -0.6812337235 	 0.0100000000 	    0 	 -- 	 --- f	 --- 	 0.053285345667 	 --- 
 173 	-0.6808071917 	 0.0100000000 	    1 	    0 	 0.00100000	 0.00000002 	 0.000269079880 	  4.0 
 173 	-0.6808053077 	 0.0100000000 	    2 	    0 	 0.00100000	 0.00000484 	 0.000000002008 	  8.0 
 173 	-0.6808053077 	 0.0100000000 	    3 	    0 	 0.00100000	 0.00000605 	 0.000000000096 	 14.0 
 174 	 -0.6886632947 	 0.0100000000 	    0 	 -- 	 --- f	 --- 	 0.053248559946 	 --- 
 174 	-0.6882370615 	 0.0100000000 	    1 	    0 	 0.00100000	 0.00000002 	 0.000268865258 	  4.0 
 174 	-0.6882351863 	 0.0100000000 	    2 	    0 	 0.00100000	 0.00000491 	 0.000000001999 	  8.0 
 174 	-0.6882351863 	 0.0100000000 	    3 	    0 	 0.00100000	 0.00000661 	 0.000000000094 	 14.0 
 175 	 -0.6960984447 	 0.0100000000 	    0 	 -- 	 --- f	 --- 	 0.053211782055 	 --- 
 175 	-0.6956725115 	 0.0100000000 	    1 	    0 	 0.00100000	 0.00000002 	 0.000268650677 	  4.0 
 175 	-0.6956706450 	 0.0100000000 	    2 	    0 	 0.00100000	 0.00000498 	 0.000000001995 	  8.0 
 175 	-0.6956706450 	 0.0100000000 	    3 	    0 	 0.00100000	 0.00000606 	 0.000000000191 	 14.0 
 176 	 -0.7035391538 	 0.0100000000 	    0 	 -- 	 --- f	 --- 	 0.053175012563 	 --- 
 176 	-0.7031135222 	 0.0100000000 	    1 	    0 	 0.00100000	 0.00000002 	 0.000268436142 	  4.0 
 176 	-0.7031116643 	 0.0100000000 	    2 	    0 	 0.00100000	 0.00000505 	 0.000000002114 	  8.0 
 176 	-0.7031116643 	 0.0100000000 	    3 	    0 	 0.00100000	 0.00000787 	 0.000000000340 	 14.0 
 177 	 -0.7109854022 	 0.0100000000 	    0 	 -- 	 --- f	 --- 	 0.053138252034 	 --- 
 177 	-0.7105600739 	 0.0100000000 	    1 	    0 	 0.00100000	 0.00000002 	 0.000268221656 	  4.0 
 177 	-0.7105582246 	 0.0100000000 	    2 	    0 	 0.00100000	 0.00000512 	 0.000000002117 	  8.0 
 177 	-0.7105582246 	 0.0100000000 	    3 	    0 	 0.00100000	 0.00000576 	 0.000000000105 	 14.0 
 178 	 -0.7184371706 	 0.0100000000 	    0 	 -- 	 --- f	 --- 	 0.053101501020 	 --- 
 178 	-0.7180121470 	 0.0100000000 	    1 	    0 	 0.00100000	 0.00000002 	 0.000268007223 	  4.0 
 178 	-0.7180103063 	 0.0100000000 	    2 	    0 	 0.00100000	 0.00000519 	 0.000000002031 	  8.0 
 178 	-0.7180103063 	 0.0100000000 	    3 	    0 	 0.00100000	 0.00000606 	 0.000000000345 	 14.0 
 179 	 -0.7258944396 	 0.0100000000 	    0 	 -- 	 --- f	 --- 	 0.053064760072 	 --- 
 179 	-0.7254697221 	 0.0100000000 	    1 	    0 	 0.00100000	 0.00000002 	 0.000267792846 	  4.0 
 179 	-0.7254678899 	 0.0100000000 	    2 	    0 	 0.00100000	 0.00000526 	 0.000000002092 	  8.0 
 179 	-0.7254678899 	 0.0100000000 	    3 	    0 	 0.00100000	 0.00000700 	 0.000000000106 	 14.0 
 180 	 -0.7333571896 	 0.0100000000 	    0 	 -- 	 --- f	 --- 	 0.053028029730 	 --- 
 180 	-0.7329327799 	 0.0100000000 	    1 	    0 	 0.00100000	 0.00000002 	 0.000267578530 	  4.0 
 180 	-0.7329309561 	 0.0100000000 	    2 	    0 	 0.00100000	 0.00000533 	 0.000000002042 	  8.0 
 180 	-0.7329309561 	 0.0100000000 	    3 	    0 	 0.00100000	 0.00000553 	 0.000000000190 	 14.0 
 181 	 -0.7408254016 	 0.0100000000 	    0 	 -- 	 --- f	 --- 	 0.052991310528 	 --- 
 181 	-0.7404013010 	 0.0100000000 	    1 	    0 	 0.00100000	 0.00000002 	 0.000267364277 	  4.0 
 181 	-0.7403994856 	 0.0100000000 	    2 	    0 	 0.00100000	 0.00000540 	 0.000000002078 	  8.0 
 181 	-0.7403994856 	 0.0100000000 	    3 	    0 	 0.00100000	 0.00000585 	 0.000000000184 	 14.0 
 182 	 -0.7482990562 	 0.0100000000 	    0 	 -- 	 --- f	 --- 	 0.052954602994 	 --- 
 182 	-0.7478752663 	 0.0100000000 	    1 	    0 	 0.00100000	 0.00000002 	 0.000267150092 	  4.0 
 182 	-0.7478734592 	 0.0100000000 	    2 	    0 	 0.00100000	 0.00000547 	 0.000000002059 	  8.0 
 182 	-0.7478734592 	 0.0100000000 	    3 	    0 	 0.00100000	 0.00000526 	 0.000000000341 	 14.0 
 183 	 -0.7557781345 	 0.0100000000 	    0 	 -- 	 --- f	 --- 	 0.052917907647 	 --- 
 183 	-0.7553546566 	 0.0100000000 	    1 	    0 	 0.00100000	 0.00000002 	 0.000266935978 	  4.0 
 183 	-0.7553528578 	 0.0100000000 	    2 	    0 	 0.00100000	 0.00000553 	 0.000000002096 	  8.0 
 183 	-0.7553528578 	 0.0100000000 	    3 	    0 	 0.00100000	 0.00000546 	 0.000000000345 	 14.0 
 184 	 -0.7632626174 	 0.0100000000 	    0 	 -- 	 --- f	 --- 	 0.052881225001 	 --- 
 184 	-0.7628394528 	 0.0100000000 	    1 	    0 	 0.00100000	 0.00000002 	 0.000266721939 	  4.0 
 184 	-0.7628376623 	 0.0100000000 	    2 	    0 	 0.00100000	 0.00000560 	 0.000000002113 	  8.0 
 184 	-0.7628376623 	 0.0100000000 	    3 	    0 	 0.00100000	 0.00000493 	 0.000000000193 	 14.0 
 185 	 -0.7707524858 	 0.0100000000 	    0 	 -- 	 --- f	 --- 	 0.052844555565 	 --- 
 185 	-0.7703296361 	 0.0100000000 	    1 	    0 	 0.00100000	 0.00000002 	 0.000266507978 	  4.0 
 185 	-0.7703278538 	 0.0100000000 	    2 	    0 	 0.00100000	 0.00000566 	 0.000000002093 	  8.0 
 185 	-0.7703278538 	 0.0100000000 	    3 	    0 	 0.00100000	 0.00000478 	 0.000000000200 	 14.0 
 186 	 -0.7782477211 	 0.0100000000 	    0 	 -- 	 --- f	 --- 	 0.052807899837 	 --- 
 186 	-0.7778251875 	 0.0100000000 	    1 	    0 	 0.00100000	 0.00000002 	 0.000266294099 	  4.0 
 186 	-0.7778234133 	 0.0100000000 	    2 	    0 	 0.00100000	 0.00000573 	 0.000000002102 	  8.0 
 186 	-0.7778234133 	 0.0100000000 	    3 	    0 	 0.00100000	 0.00000533 	 0.000000000109 	 14.0 
 187 	 -0.7857483043 	 0.0100000000 	    0 	 -- 	 --- f	 --- 	 0.052771258312 	 --- 
 187 	-0.7853260882 	 0.0100000000 	    1 	    0 	 0.00100000	 0.00000002 	 0.000266080304 	  4.0 
 187 	-0.7853243221 	 0.0100000000 	    2 	    0 	 0.00100000	 0.00000579 	 0.000000002111 	  8.0 
 187 	-0.7853243221 	 0.0100000000 	    3 	    0 	 0.00100000	 0.00000582 	 0.000000000102 	 14.0 
 188 	 -0.7932542169 	 0.0100000000 	    0 	 -- 	 --- f	 --- 	 0.052734631478 	 --- 
 188 	-0.7928323196 	 0.0100000000 	    1 	    0 	 0.00100000	 0.00000002 	 0.000265866597 	  4.0 
 188 	-0.7928305615 	 0.0100000000 	    2 	    0 	 0.00100000	 0.00000586 	 0.000000002136 	  8.0 
 188 	-0.7928305615 	 0.0100000000 	    3 	    0 	 0.00100000	 0.00000561 	 0.000000000121 	 14.0 
 189 	 -0.8007654400 	 0.0100000000 	    0 	 -- 	 --- f	 --- 	 0.052698019816 	 --- 
 189 	-0.8003438629 	 0.0100000000 	    1 	    0 	 0.00100000	 0.00000002 	 0.000265652982 	  4.0 
 189 	-0.8003421128 	 0.0100000000 	    2 	    0 	 0.00100000	 0.00000592 	 0.000000002130 	  8.0 
 189 	-0.8003421128 	 0.0100000000 	    3 	    0 	 0.00100000	 0.00000589 	 0.000000000338 	 14.0 
 190 	 -0.8082819554 	 0.0100000000 	    0 	 -- 	 --- f	 --- 	 0.052661423800 	 --- 
 190 	-0.8078606995 	 0.0100000000 	    1 	    0 	 0.00100000	 0.00000002 	 0.000265439461 	  4.0 
 190 	-0.8078589575 	 0.0100000000 	    2 	    0 	 0.00100000	 0.00000599 	 0.000000002156 	  8.0 
 190 	-0.8078589575 	 0.0100000000 	    3 	    0 	 0.00100000	 0.00000505 	 0.000000000114 	 14.0 
 191 	 -0.8158037443 	 0.0100000000 	    0 	 -- 	 --- f	 --- 	 0.052624843899 	 --- 
 191 	-0.8153828112 	 0.0100000000 	    1 	    0 	 0.00100000	 0.00000002 	 0.000265226038 	  4.0 
 191 	-0.8153810770 	 0.0100000000 	    2 	    0 	 0.00100000	 0.00000605 	 0.000000002141 	  8.0 
 191 	-0.8153810770 	 0.0100000000 	    3 	    0 	 0.00100000	 0.00000481 	 0.000000000341 	 14.0 
 192 	 -0.8233307886 	 0.0100000000 	    0 	 -- 	 --- f	 --- 	 0.052588280576 	 --- 
 192 	-0.8229101793 	 0.0100000000 	    1 	    0 	 0.00100000	 0.00000002 	 0.000265012716 	  4.0 
 192 	-0.8229084530 	 0.0100000000 	    2 	    0 	 0.00100000	 0.00000611 	 0.000000002172 	  8.0 
 192 	-0.8229084530 	 0.0100000000 	    3 	    0 	 0.00100000	 0.00000458 	 0.000000000341 	 14.0 
 193 	 -0.8308630697 	 0.0100000000 	    0 	 -- 	 --- f	 --- 	 0.052551734287 	 --- 
 193 	-0.8304427856 	 0.0100000000 	    1 	    0 	 0.00100000	 0.00000002 	 0.000264799498 	  4.0 
 193 	-0.8304410671 	 0.0100000000 	    2 	    0 	 0.00100000	 0.00000617 	 0.000000002161 	  8.0 
 193 	-0.8304410671 	 0.0100000000 	    3 	    0 	 0.00100000	 0.00000521 	 0.000000000124 	 14.0 
 194 	 -0.8384005697 	 0.0100000000 	    0 	 -- 	 --- f	 --- 	 0.052515205481 	 --- 
 194 	-0.8379806118 	 0.0100000000 	    1 	    0 	 0.00100000	 0.00000002 	 0.000264586387 	  4.0 
 194 	-0.8379789011 	 0.0100000000 	    2 	    0 	 0.00100000	 0.00000623 	 0.000000002166 	  8.0 
 194 	-0.8379789011 	 0.0100000000 	    3 	    0 	 0.00100000	 0.00000565 	 0.000000000107 	 14.0 
 195 	 -0.8459432701 	 0.0100000000 	    0 	 -- 	 --- f	 --- 	 0.052478694604 	 --- 
 195 	-0.8455236398 	 0.0100000000 	    1 	    0 	 0.00100000	 0.00000002 	 0.000264373386 	  4.0 
 195 	-0.8455219368 	 0.0100000000 	    2 	    0 	 0.00100000	 0.00000629 	 0.000000002181 	  8.0 
 195 	-0.8455219368 	 0.0100000000 	    3 	    0 	 0.00100000	 0.00000551 	 0.000000000195 	 14.0 
 196 	 -0.8534911531 	 0.0100000000 	    0 	 -- 	 --- f	 --- 	 0.052442202092 	 --- 
 196 	-0.8530718514 	 0.0100000000 	    1 	    0 	 0.00100000	 0.00000002 	 0.000264160498 	  4.0 
 196 	-0.8530701561 	 0.0100000000 	    2 	    0 	 0.00100000	 0.00000635 	 0.000000002185 	  8.0 
 196 	-0.8530701561 	 0.0100000000 	    3 	    0 	 0.00100000	 0.00000491 	 0.000000000340 	 14.0 
 197 	 -0.8610442006 	 0.0100000000 	    0 	 -- 	 --- f	 --- 	 0.052405728380 	 --- 
 197 	-0.8606252287 	 0.0100000000 	    1 	    0 	 0.00100000	 0.00000002 	 0.000263947726 	  4.0 
 197 	-0.8606235410 	 0.0100000000 	    2 	    0 	 0.00100000	 0.00000641 	 0.000000002284 	  8.0 
 197 	-0.8606235410 	 0.0100000000 	    3 	    0 	 0.00100000	 0.00000441 	 0.000000000089 	 14.0 
 198 	 -0.8686023946 	 0.0100000000 	    0 	 -- 	 --- f	 --- 	 0.052369273893 	 --- 
 198 	-0.8681837536 	 0.0100000000 	    1 	    0 	 0.00100000	 0.00000003 	 0.000263735072 	  4.0 
 198 	-0.8681820735 	 0.0100000000 	    2 	    0 	 0.00100000	 0.00000647 	 0.000000002208 	  8.0 
 198 	-0.8681820735 	 0.0100000000 	    3 	    0 	 0.00100000	 0.00000552 	 0.000000000182 	 14.0 
 199 	 -0.8761657173 	 0.0100000000 	    0 	 -- 	 --- f	 --- 	 0.052332839052 	 --- 
 199 	-0.8757474084 	 0.0100000000 	    1 	    0 	 0.00100000	 0.00000003 	 0.000263522541 	  4.0 
 199 	-0.8757457359 	 0.0100000000 	    2 	    0 	 0.00100000	 0.00000653 	 0.000000002258 	  8.0 
 199 	-0.8757457359 	 0.0100000000 	    3 	    0 	 0.00100000	 0.00000464 	 0.000000000185 	 14.0 
 200 	 -0.8837341510 	 0.0100000000 	    0 	 -- 	 --- f	 --- 	 0.052296424273 	 --- 
 200 	-0.8833161753 	 0.0100000000 	    1 	    0 	 0.00100000	 0.00000003 	 0.000263310133 	  4.0 
 200 	-0.8833145102 	 0.0100000000 	    2 	    0 	 0.00100000	 0.00000659 	 0.000000002217 	  8.0 
 200 	-0.8833145102 	 0.0100000000 	    3 	    0 	 0.00100000	 0.00000446 	 0.000000000201 	 14.0 
 201 	 -0.8913076780 	 0.0100000000 	    0 	 -- 	 --- f	 --- 	 0.052260029964 	 --- 
 201 	-0.8908900364 	 0.0100000000 	    1 	    0 	 0.00100000	 0.00000003 	 0.000263097853 	  4.0 
 201 	-0.8908883788 	 0.0100000000 	    2 	    0 	 0.00100000	 0.00000665 	 0.000000002227 	  8.0 
 201 	-0.8908883788 	 0.0100000000 	    3 	    0 	 0.00100000	 0.00000526 	 0.000000000099 	 14.0 
 202 	 -0.8988862805 	 0.0100000000 	    0 	 -- 	 --- f	 --- 	 0.052223656530 	 --- 
 202 	-0.8984689743 	 0.0100000000 	    1 	    0 	 0.00100000	 0.00000003 	 0.000262885703 	  4.0 
 202 	-0.8984673241 	 0.0100000000 	    2 	    0 	 0.00100000	 0.00000670 	 0.000000002233 	  8.0 
 202 	-0.8984673241 	 0.0100000000 	    3 	    0 	 0.00100000	 0.00000462 	 0.000000000116 	 14.0 
 203 	 -0.9064699411 	 0.0100000000 	    0 	 -- 	 --- f	 --- 	 0.052187304369 	 --- 
 203 	-0.9060529712 	 0.0100000000 	    1 	    0 	 0.00100000	 0.00000003 	 0.000262673685 	  4.0 
 203 	-0.9060513284 	 0.0100000000 	    2 	    0 	 0.00100000	 0.00000676 	 0.000000002263 	  8.0 
 203 	-0.9060513284 	 0.0100000000 	    3 	    0 	 0.00100000	 0.00000623 	 0.000000000098 	 14.0 
 204 	 -0.9140586424 	 0.0100000000 	    0 	 -- 	 --- f	 --- 	 0.052150973874 	 --- 
 204 	-0.9136420098 	 0.0100000000 	    1 	    0 	 0.00100000	 0.00000003 	 0.000262461803 	  4.0 
 204 	-0.9136403743 	 0.0100000000 	    2 	    0 	 0.00100000	 0.00000682 	 0.000000002340 	  8.0 
 204 	-0.9136403743 	 0.0100000000 	    3 	    0 	 0.00100000	 0.00000454 	 0.000000000208 	 14.0 
 205 	 -0.9216523668 	 0.0100000000 	    0 	 -- 	 --- f	 --- 	 0.052114665433 	 --- 
 205 	-0.9212360726 	 0.0100000000 	    1 	    0 	 0.00100000	 0.00000003 	 0.000262250058 	  4.0 
 205 	-0.9212344444 	 0.0100000000 	    2 	    0 	 0.00100000	 0.00000687 	 0.000000002281 	  8.0 
 205 	-0.9212344444 	 0.0100000000 	    3 	    0 	 0.00100000	 0.00000458 	 0.000000000186 	 14.0 
 206 	 -0.9292510971 	 0.0100000000 	    0 	 -- 	 --- f	 --- 	 0.052078379428 	 --- 
 206 	-0.9288351423 	 0.0100000000 	    1 	    0 	 0.00100000	 0.00000003 	 0.000262038454 	  4.0 
 206 	-0.9288335213 	 0.0100000000 	    2 	    0 	 0.00100000	 0.00000693 	 0.000000002263 	  8.0 
 206 	-0.9288335213 	 0.0100000000 	    3 	    0 	 0.00100000	 0.00000586 	 0.000000000124 	 14.0 
 207 	 -0.9368548161 	 0.0100000000 	    0 	 -- 	 --- f	 --- 	 0.052042116235 	 --- 
 207 	-0.9364392016 	 0.0100000000 	    1 	    0 	 0.00100000	 0.00000003 	 0.000261826992 	  4.0 
 207 	-0.9364375878 	 0.0100000000 	    2 	    0 	 0.00100000	 0.00000698 	 0.000000002270 	  8.0 
 207 	-0.9364375878 	 0.0100000000 	    3 	    0 	 0.00100000	 0.00000501 	 0.000000000110 	 14.0 
 208 	 -0.9444635064 	 0.0100000000 	    0 	 -- 	 --- f	 --- 	 0.052005876228 	 --- 
 208 	-0.9440482333 	 0.0100000000 	    1 	    0 	 0.00100000	 0.00000003 	 0.000261615676 	  4.0 
 208 	-0.9440466267 	 0.0100000000 	    2 	    0 	 0.00100000	 0.00000704 	 0.000000002281 	  8.0 
 208 	-0.9440466267 	 0.0100000000 	    3 	    0 	 0.00100000	 0.00000455 	 0.000000000104 	 14.0 
 209 	 -0.9520771512 	 0.0100000000 	    0 	 -- 	 --- f	 --- 	 0.051969659771 	 --- 
 209 	-0.9516622202 	 0.0100000000 	    1 	    0 	 0.00100000	 0.00000003 	 0.000261404508 	  4.0 
 209 	-0.9516606207 	 0.0100000000 	    2 	    0 	 0.00100000	 0.00000709 	 0.000000002305 	  8.0 
 209 	-0.9516606207 	 0.0100000000 	    3 	    0 	 0.00100000	 0.00000452 	 0.000000000342 	 14.0 
 210 	 -0.9596957332 	 0.0100000000 	    0 	 -- 	 --- f	 --- 	 0.051933467226 	 --- 
 210 	-0.9592811454 	 0.0100000000 	    1 	    0 	 0.00100000	 0.00000003 	 0.000261193490 	  4.0 
 210 	-0.9592795530 	 0.0100000000 	    2 	    0 	 0.00100000	 0.00000715 	 0.000000002291 	  8.0 
 210 	-0.9592795530 	 0.0100000000 	    3 	    0 	 0.00100000	 0.00000582 	 0.000000000103 	 14.0 
 211 	 -0.9673192356 	 0.0100000000 	    0 	 -- 	 --- f	 --- 	 0.051897298951 	 --- 
 211 	-0.9669049919 	 0.0100000000 	    1 	    0 	 0.00100000	 0.00000003 	 0.000260982624 	  4.0 
 211 	-0.9669034065 	 0.0100000000 	    2 	    0 	 0.00100000	 0.00000720 	 0.000000002322 	  8.0 
 211 	-0.9669034065 	 0.0100000000 	    3 	    0 	 0.00100000	 0.00000552 	 0.000000000093 	 14.0 
 212 	 -0.9749476415 	 0.0100000000 	    0 	 -- 	 --- f	 --- 	 0.051861155296 	 --- 
 212 	-0.9745337428 	 0.0100000000 	    1 	    0 	 0.00100000	 0.00000003 	 0.000260771914 	  4.0 
 212 	-0.9745321644 	 0.0100000000 	    2 	    0 	 0.00100000	 0.00000725 	 0.000000002307 	  8.0 
 212 	-0.9745321644 	 0.0100000000 	    3 	    0 	 0.00100000	 0.00000444 	 0.000000000118 	 14.0 
 213 	 -0.9825809340 	 0.0100000000 	    0 	 -- 	 --- f	 --- 	 0.051825036607 	 --- 
 213 	-0.9821673811 	 0.0100000000 	    1 	    0 	 0.00100000	 0.00000003 	 0.000260561361 	  4.0 
 213 	-0.9821658097 	 0.0100000000 	    2 	    0 	 0.00100000	 0.00000731 	 0.000000002324 	  8.0 
 213 	-0.9821658097 	 0.0100000000 	    3 	    0 	 0.00100000	 0.00000446 	 0.000000000203 	 14.0 
 214 	 -0.9902190964 	 0.0100000000 	    0 	 -- 	 --- f	 --- 	 0.051788943226 	 --- 
 214 	-0.9898058903 	 0.0100000000 	    1 	    0 	 0.00100000	 0.00000003 	 0.000260350967 	  4.0 
 214 	-0.9898043257 	 0.0100000000 	    2 	    0 	 0.00100000	 0.00000736 	 0.000000002322 	  8.0 
 214 	-0.9898043257 	 0.0100000000 	    3 	    0 	 0.00100000	 0.00000527 	 0.000000000100 	 14.0 
 215 	 -0.9978621120 	 0.0100000000 	    0 	 -- 	 --- f	 --- 	 0.051752875490 	 --- 
 215 	-0.9974492535 	 0.0100000000 	    1 	    0 	 0.00100000	 0.00000003 	 0.000260140735 	  4.0 
 215 	-0.9974476958 	 0.0100000000 	    2 	    0 	 0.00100000	 0.00000741 	 0.000000002327 	  8.0 
 215 	-0.9974476958 	 0.0100000000 	    3 	    0 	 0.00100000	 0.00000430 	 0.000000000107 	 14.0 
 216 	 -1.0055099643 	 0.0100000000 	    0 	 -- 	 --- f	 --- 	 0.051716833731 	 --- 
 216 	-1.0050974541 	 0.0100000000 	    1 	    0 	 0.00100000	 0.00000003 	 0.000259930667 	  4.0 
 216 	-1.0050959033 	 0.0100000000 	    2 	    0 	 0.00100000	 0.00000746 	 0.000000002338 	  8.0 
 216 	-1.0050959033 	 0.0100000000 	    3 	    0 	 0.00100000	 0.00000509 	 0.000000000113 	 14.0 
 217 	 -1.0131626366 	 0.0100000000 	    0 	 -- 	 --- f	 --- 	 0.051680818275 	 --- 
 217 	-1.0127504757 	 0.0100000000 	    1 	    0 	 0.00100000	 0.00000003 	 0.000259720765 	  4.0 
 217 	-1.0127489317 	 0.0100000000 	    2 	    0 	 0.00100000	 0.00000751 	 0.000000002343 	  8.0 
 217 	-1.0127489317 	 0.0100000000 	    3 	    0 	 0.00100000	 0.00000493 	 0.000000000110 	 14.0 
 218 	 -1.0208201126 	 0.0100000000 	    0 	 -- 	 --- f	 --- 	 0.051644829446 	 --- 
 218 	-1.0204083018 	 0.0100000000 	    1 	    0 	 0.00100000	 0.00000003 	 0.000259511031 	  4.0 
 218 	-1.0204067645 	 0.0100000000 	    2 	    0 	 0.00100000	 0.00000756 	 0.000000002347 	  8.0 
 218 	-1.0204067645 	 0.0100000000 	    3 	    0 	 0.00100000	 0.00000377 	 0.000000000105 	 14.0 
 219 	 -1.0284823759 	 0.0100000000 	    0 	 -- 	 --- f	 --- 	 0.051608867560 	 --- 
 219 	-1.0280709158 	 0.0100000000 	    1 	    0 	 0.00100000	 0.00000003 	 0.000259301468 	  4.0 
 219 	-1.0280693853 	 0.0100000000 	    2 	    0 	 0.00100000	 0.00000761 	 0.000000002359 	  8.0 
 219 	-1.0280693853 	 0.0100000000 	    3 	    0 	 0.00100000	 0.00000458 	 0.000000000103 	 14.0 
 220 	 -1.0361494100 	 0.0100000000 	    0 	 -- 	 --- f	 --- 	 0.051572932931 	 --- 
 220 	-1.0357383015 	 0.0100000000 	    1 	    0 	 0.00100000	 0.00000003 	 0.000259092077 	  4.0 
 220 	-1.0357367777 	 0.0100000000 	    2 	    0 	 0.00100000	 0.00000766 	 0.000000002360 	  8.0 
 220 	-1.0357367777 	 0.0100000000 	    3 	    0 	 0.00100000	 0.00000456 	 0.000000000202 	 14.0 
 221 	 -1.0438211988 	 0.0100000000 	    0 	 -- 	 --- f	 --- 	 0.051537025868 	 --- 
 221 	-1.0434104427 	 0.0100000000 	    1 	    0 	 0.00100000	 0.00000003 	 0.000258882860 	  4.0 
 221 	-1.0434089255 	 0.0100000000 	    2 	    0 	 0.00100000	 0.00000771 	 0.000000002391 	  8.0 
 221 	-1.0434089255 	 0.0100000000 	    3 	    0 	 0.00100000	 0.00000441 	 0.000000000101 	 14.0 
 222 	 -1.0514977261 	 0.0100000000 	    0 	 -- 	 --- f	 --- 	 0.051501146674 	 --- 
 222 	-1.0510873231 	 0.0100000000 	    1 	    0 	 0.00100000	 0.00000003 	 0.000258673820 	  4.0 
 222 	-1.0510858125 	 0.0100000000 	    2 	    0 	 0.00100000	 0.00000776 	 0.000000002374 	  8.0 
 222 	-1.0510858125 	 0.0100000000 	    3 	    0 	 0.00100000	 0.00000381 	 0.000000000196 	 14.0 
 223 	 -1.0591789757 	 0.0100000000 	    0 	 -- 	 --- f	 --- 	 0.051465295650 	 --- 
 223 	-1.0587689266 	 0.0100000000 	    1 	    0 	 0.00100000	 0.00000003 	 0.000258464959 	  4.0 
 223 	-1.0587674225 	 0.0100000000 	    2 	    0 	 0.00100000	 0.00000781 	 0.000000002380 	  8.0 
 223 	-1.0587674225 	 0.0100000000 	    3 	    0 	 0.00100000	 0.00000463 	 0.000000000109 	 14.0 
 224 	 -1.0668649317 	 0.0100000000 	    0 	 -- 	 --- f	 --- 	 0.051429473090 	 --- 
 224 	-1.0664552371 	 0.0100000000 	    1 	    0 	 0.00100000	 0.00000003 	 0.000258256278 	  4.0 
 224 	-1.0664537396 	 0.0100000000 	    2 	    0 	 0.00100000	 0.00000786 	 0.000000002386 	  8.0 
 224 	-1.0664537396 	 0.0100000000 	    3 	    0 	 0.00100000	 0.00000412 	 0.000000000093 	 14.0 
 225 	 -1.0745555780 	 0.0100000000 	    0 	 -- 	 --- f	 --- 	 0.051393679286 	 --- 
 225 	-1.0741462387 	 0.0100000000 	    1 	    0 	 0.00100000	 0.00000003 	 0.000258047779 	  4.0 
 225 	-1.0741447477 	 0.0100000000 	    2 	    0 	 0.00100000	 0.00000791 	 0.000000002403 	  8.0 
 225 	-1.0741447477 	 0.0100000000 	    3 	    0 	 0.00100000	 0.00000440 	 0.000000000112 	 14.0 
 226 	 -1.0822508987 	 0.0100000000 	    0 	 -- 	 --- f	 --- 	 0.051357914524 	 --- 
 226 	-1.0818419154 	 0.0100000000 	    1 	    0 	 0.00100000	 0.00000003 	 0.000257839464 	  4.0 
 226 	-1.0818404308 	 0.0100000000 	    2 	    0 	 0.00100000	 0.00000796 	 0.000000002407 	  8.0 
 226 	-1.0818404308 	 0.0100000000 	    3 	    0 	 0.00100000	 0.00000495 	 0.000000000343 	 14.0 
 227 	 -1.0899508780 	 0.0100000000 	    0 	 -- 	 --- f	 --- 	 0.051322179086 	 --- 
 227 	-1.0895422513 	 0.0100000000 	    1 	    0 	 0.00100000	 0.00000003 	 0.000257631336 	  4.0 
 227 	-1.0895407732 	 0.0100000000 	    2 	    0 	 0.00100000	 0.00000800 	 0.000000002412 	  8.0 
 227 	-1.0895407732 	 0.0100000000 	    3 	    0 	 0.00100000	 0.00000463 	 0.000000000191 	 14.0 
 228 	 -1.0976555001 	 0.0100000000 	    0 	 -- 	 --- f	 --- 	 0.051286473251 	 --- 
 228 	-1.0972472308 	 0.0100000000 	    1 	    0 	 0.00100000	 0.00000003 	 0.000257423395 	  4.0 
 228 	-1.0972457590 	 0.0100000000 	    2 	    0 	 0.00100000	 0.00000805 	 0.000000002418 	  8.0 
 228 	-1.0972457590 	 0.0100000000 	    3 	    0 	 0.00100000	 0.00000471 	 0.000000000101 	 14.0 
 229 	 -1.1053647493 	 0.0100000000 	    0 	 -- 	 --- f	 --- 	 0.051250797293 	 --- 
 229 	-1.1049568379 	 0.0100000000 	    1 	    0 	 0.00100000	 0.00000003 	 0.000257215644 	  4.0 
 229 	-1.1049553725 	 0.0100000000 	    2 	    0 	 0.00100000	 0.00000810 	 0.000000002424 	  8.0 
 229 	-1.1049553725 	 0.0100000000 	    3 	    0 	 0.00100000	 0.00000401 	 0.000000000182 	 14.0 
 230 	 -1.1130786100 	 0.0100000000 	    0 	 -- 	 --- f	 --- 	 0.051215151481 	 --- 
 230 	-1.1126710572 	 0.0100000000 	    1 	    0 	 0.00100000	 0.00000003 	 0.000257008085 	  4.0 
 230 	-1.1126695980 	 0.0100000000 	    2 	    0 	 0.00100000	 0.00000814 	 0.000000002425 	  8.0 
 230 	-1.1126695980 	 0.0100000000 	    3 	    0 	 0.00100000	 0.00000463 	 0.000000000102 	 14.0 
 231 	 -1.1207970666 	 0.0100000000 	    0 	 -- 	 --- f	 --- 	 0.051179536081 	 --- 
 231 	-1.1203898730 	 0.0100000000 	    1 	    0 	 0.00100000	 0.00000003 	 0.000256800718 	  4.0 
 231 	-1.1203884201 	 0.0100000000 	    2 	    0 	 0.00100000	 0.00000819 	 0.000000002455 	  8.0 
 231 	-1.1203884201 	 0.0100000000 	    3 	    0 	 0.00100000	 0.00000502 	 0.000000000197 	 14.0 
 232 	 -1.1285201035 	 0.0100000000 	    0 	 -- 	 --- f	 --- 	 0.051143951355 	 --- 
 232 	-1.1281132697 	 0.0100000000 	    1 	    0 	 0.00100000	 0.00000003 	 0.000256593547 	  4.0 
 232 	-1.1281118231 	 0.0100000000 	    2 	    0 	 0.00100000	 0.00000824 	 0.000000002436 	  8.0 
 232 	-1.1281118231 	 0.0100000000 	    3 	    0 	 0.00100000	 0.00000374 	 0.000000000353 	 14.0 
 233 	 -1.1362477053 	 0.0100000000 	    0 	 -- 	 --- f	 --- 	 0.051108397560 	 --- 
 233 	-1.1358412320 	 0.0100000000 	    1 	    0 	 0.00100000	 0.00000003 	 0.000256386572 	  4.0 
 233 	-1.1358397915 	 0.0100000000 	    2 	    0 	 0.00100000	 0.00000828 	 0.000000002448 	  8.0 
 233 	-1.1358397915 	 0.0100000000 	    3 	    0 	 0.00100000	 0.00000492 	 0.000000000112 	 14.0 
 234 	 -1.1439798567 	 0.0100000000 	    0 	 -- 	 --- f	 --- 	 0.051072874952 	 --- 
 234 	-1.1435737444 	 0.0100000000 	    1 	    0 	 0.00100000	 0.00000003 	 0.000256179795 	  4.0 
 234 	-1.1435723101 	 0.0100000000 	    2 	    0 	 0.00100000	 0.00000833 	 0.000000002455 	  8.0 
 234 	-1.1435723101 	 0.0100000000 	    3 	    0 	 0.00100000	 0.00000429 	 0.000000000208 	 14.0 
 235 	 -1.1517165423 	 0.0100000000 	    0 	 -- 	 --- f	 --- 	 0.051037383778 	 --- 
 235 	-1.1513107916 	 0.0100000000 	    1 	    0 	 0.00100000	 0.00000003 	 0.000255973219 	  4.0 
 235 	-1.1513093634 	 0.0100000000 	    2 	    0 	 0.00100000	 0.00000837 	 0.000000002458 	  8.0 
 235 	-1.1513093634 	 0.0100000000 	    3 	    0 	 0.00100000	 0.00000409 	 0.000000000196 	 14.0 
 236 	 -1.1594577469 	 0.0100000000 	    0 	 -- 	 --- f	 --- 	 0.051001924286 	 --- 
 236 	-1.1590523583 	 0.0100000000 	    1 	    0 	 0.00100000	 0.00000003 	 0.000255766844 	  4.0 
 236 	-1.1590509363 	 0.0100000000 	    2 	    0 	 0.00100000	 0.00000842 	 0.000000002469 	  8.0 
 236 	-1.1590509363 	 0.0100000000 	    3 	    0 	 0.00100000	 0.00000481 	 0.000000000105 	 14.0 
 237 	 -1.1672034552 	 0.0100000000 	    0 	 -- 	 --- f	 --- 	 0.050966496718 	 --- 
 237 	-1.1667984294 	 0.0100000000 	    1 	    0 	 0.00100000	 0.00000003 	 0.000255560671 	  4.0 
 237 	-1.1667970134 	 0.0100000000 	    2 	    0 	 0.00100000	 0.00000846 	 0.000000002466 	  8.0 
 237 	-1.1667970134 	 0.0100000000 	    3 	    0 	 0.00100000	 0.00000440 	 0.000000000210 	 14.0 
 238 	 -1.1749536523 	 0.0100000000 	    0 	 -- 	 --- f	 --- 	 0.050931101311 	 --- 
 238 	-1.1745489897 	 0.0100000000 	    1 	    0 	 0.00100000	 0.00000003 	 0.000255354704 	  4.0 
 238 	-1.1745475798 	 0.0100000000 	    2 	    0 	 0.00100000	 0.00000850 	 0.000000002475 	  8.0 
 238 	-1.1745475798 	 0.0100000000 	    3 	    0 	 0.00100000	 0.00000445 	 0.000000000346 	 14.0 
 239 	 -1.1827083230 	 0.0100000000 	    0 	 -- 	 --- f	 --- 	 0.050895738302 	 --- 
 239 	-1.1823040242 	 0.0100000000 	    1 	    0 	 0.00100000	 0.00000003 	 0.000255148942 	  4.0 
 239 	-1.1823026202 	 0.0100000000 	    2 	    0 	 0.00100000	 0.00000855 	 0.000000002502 	  8.0 
 239 	-1.1823026202 	 0.0100000000 	    3 	    0 	 0.00100000	 0.00000433 	 0.000000000345 	 14.0 
 240 	 -1.1904674523 	 0.0100000000 	    0 	 -- 	 --- f	 --- 	 0.050860407920 	 --- 
 240 	-1.1900635178 	 0.0100000000 	    1 	    0 	 0.00100000	 0.00000003 	 0.000254943388 	  4.0 
 240 	-1.1900621198 	 0.0100000000 	    2 	    0 	 0.00100000	 0.00000859 	 0.000000002485 	  8.0 
 240 	-1.1900621198 	 0.0100000000 	    3 	    0 	 0.00100000	 0.00000413 	 0.000000000195 	 14.0 
 241 	 -1.1982310253 	 0.0100000000 	    0 	 -- 	 --- f	 --- 	 0.050825110394 	 --- 
 241 	-1.1978274556 	 0.0100000000 	    1 	    0 	 0.00100000	 0.00000003 	 0.000254738044 	  4.0 
 241 	-1.1978260635 	 0.0100000000 	    2 	    0 	 0.00100000	 0.00000863 	 0.000000002516 	  8.0 
 241 	-1.1978260635 	 0.0100000000 	    3 	    0 	 0.00100000	 0.00000478 	 0.000000000099 	 14.0 
 242 	 -1.2059990272 	 0.0100000000 	    0 	 -- 	 --- f	 --- 	 0.050789845946 	 --- 
 242 	-1.2055958227 	 0.0100000000 	    1 	    0 	 0.00100000	 0.00000003 	 0.000254532909 	  4.0 
 242 	-1.2055944365 	 0.0100000000 	    2 	    0 	 0.00100000	 0.00000868 	 0.000000002517 	  8.0 
 242 	-1.2055944365 	 0.0100000000 	    3 	    0 	 0.00100000	 0.00000456 	 0.000000000198 	 14.0 
 243 	 -1.2137714430 	 0.0100000000 	    0 	 -- 	 --- f	 --- 	 0.050754614798 	 --- 
 243 	-1.2133686044 	 0.0100000000 	    1 	    0 	 0.00100000	 0.00000003 	 0.000254327987 	  4.0 
 243 	-1.2133672240 	 0.0100000000 	    2 	    0 	 0.00100000	 0.00000872 	 0.000000002524 	  8.0 
 243 	-1.2133672240 	 0.0100000000 	    3 	    0 	 0.00100000	 0.00000487 	 0.000000000103 	 14.0 
 244 	 -1.2215482582 	 0.0100000000 	    0 	 -- 	 --- f	 --- 	 0.050719417165 	 --- 
 244 	-1.2211457858 	 0.0100000000 	    1 	    0 	 0.00100000	 0.00000003 	 0.000254123278 	  4.0 
 244 	-1.2211444113 	 0.0100000000 	    2 	    0 	 0.00100000	 0.00000876 	 0.000000002513 	  8.0 
 244 	-1.2211444113 	 0.0100000000 	    3 	    0 	 0.00100000	 0.00000511 	 0.000000000131 	 14.0 
 245 	 -1.2293294580 	 0.0100000000 	    0 	 -- 	 --- f	 --- 	 0.050684253262 	 --- 
 245 	-1.2289273523 	 0.0100000000 	    1 	    0 	 0.00100000	 0.00000003 	 0.000253918784 	  4.0 
 245 	-1.2289259835 	 0.0100000000 	    2 	    0 	 0.00100000	 0.00000880 	 0.000000002520 	  8.0 
 245 	-1.2289259835 	 0.0100000000 	    3 	    0 	 0.00100000	 0.00000457 	 0.000000000125 	 14.0 
 246 	 -1.2371150278 	 0.0100000000 	    0 	 -- 	 --- f	 --- 	 0.050649123297 	 --- 
 246 	-1.2367132892 	 0.0100000000 	    1 	    0 	 0.00100000	 0.00000004 	 0.000253714506 	  4.0 
 246 	-1.2367119262 	 0.0100000000 	    2 	    0 	 0.00100000	 0.00000884 	 0.000000002526 	  8.0 
 246 	-1.2367119262 	 0.0100000000 	    3 	    0 	 0.00100000	 0.00000468 	 0.000000000149 	 14.0 
 247 	 -1.2449049530 	 0.0100000000 	    0 	 -- 	 --- f	 --- 	 0.050614027477 	 --- 
 247 	-1.2445035820 	 0.0100000000 	    1 	    0 	 0.00100000	 0.00000004 	 0.000253510445 	  4.0 
 247 	-1.2445022247 	 0.0100000000 	    2 	    0 	 0.00100000	 0.00000889 	 0.000000002535 	  8.0 
 247 	-1.2445022247 	 0.0100000000 	    3 	    0 	 0.00100000	 0.00000479 	 0.000000000087 	 14.0 
 248 	 -1.2526992192 	 0.0100000000 	    0 	 -- 	 --- f	 --- 	 0.050578966006 	 --- 
 248 	-1.2522982162 	 0.0100000000 	    1 	    0 	 0.00100000	 0.00000004 	 0.000253306603 	  4.0 
 248 	-1.2522968646 	 0.0100000000 	    2 	    0 	 0.00100000	 0.00000893 	 0.000000002528 	  8.0 
 248 	-1.2522968646 	 0.0100000000 	    3 	    0 	 0.00100000	 0.00000447 	 0.000000000112 	 14.0 
 249 	 -1.2604978119 	 0.0100000000 	    0 	 -- 	 --- f	 --- 	 0.050543939082 	 --- 
 249 	-1.2600971773 	 0.0100000000 	    1 	    0 	 0.00100000	 0.00000004 	 0.000253102981 	  4.0 
 249 	-1.2600958314 	 0.0100000000 	    2 	    0 	 0.00100000	 0.00000897 	 0.000000002533 	  8.0 
 249 	-1.2600958314 	 0.0100000000 	    3 	    0 	 0.00100000	 0.00000456 	 0.000000000089 	 14.0 
 250 	 -1.2683007168 	 0.0100000000 	    0 	 -- 	 --- f	 --- 	 0.050508946902 	 --- 
 250 	-1.2679004510 	 0.0100000000 	    1 	    0 	 0.00100000	 0.00000004 	 0.000252899580 	  4.0 
 250 	-1.2678991107 	 0.0100000000 	    2 	    0 	 0.00100000	 0.00000901 	 0.000000002538 	  8.0 
 250 	-1.2678991107 	 0.0100000000 	    3 	    0 	 0.00100000	 0.00000576 	 0.000000000112 	 14.0 
